<?xml version="1.0" encoding="UTF-8"?>
<!-- Generated by org.testng.reporters.JUnitReportReporter -->
<testsuite hostname="MALOOTYPC" name="practiceTests.SpaceEditionTests" tests="4" failures="0" timestamp="19 Nov 2019 20:17:46 GMT" time="0.048" errors="0">
  <testcase name="findDuplicate_Test2" time="0.006" classname="practiceTests.SpaceEditionTests"/>
  <testcase name="findDuplicate_Test3" time="0.004" classname="practiceTests.SpaceEditionTests"/>
  <testcase name="findDuplicate_Test1" time="0.034" classname="practiceTests.SpaceEditionTests"/>
  <testcase name="findDuplicate_Test4" time="0.004" classname="practiceTests.SpaceEditionTests"/>
</testsuite> <!-- practiceTests.SpaceEditionTests -->
