<?xml version="1.0" encoding="UTF-8"?>
<!-- Generated by org.testng.reporters.JUnitReportReporter -->
<testsuite hostname="MALOOTYPC" name="sortTests.SortTester" tests="4" failures="0" timestamp="2 Oct 2019 17:26:58 GMT" time="0.023" errors="0">
  <testcase name="testBubbleSort" time="0.013" classname="sortTests.SortTester"/>
  <testcase name="testQuickSort" time="0.003" classname="sortTests.SortTester"/>
  <testcase name="testMergeSort" time="0.003" classname="sortTests.SortTester"/>
  <testcase name="testInsertionSort" time="0.004" classname="sortTests.SortTester"/>
</testsuite> <!-- sortTests.SortTester -->
