<?xml version="1.0" encoding="UTF-8"?>
<!-- Generated by org.testng.reporters.JUnitReportReporter -->
<testsuite hostname="MALOOTYPC" name="sortTests.SearchTester" tests="1" failures="1" timestamp="2 Oct 2019 17:26:58 GMT" time="0.040" errors="0">
  <testcase name="binarySearchTester" time="0.040" classname="sortTests.SearchTester">
    <failure type="java.lang.StackOverflowError">
      <![CDATA[java.lang.StackOverflowError
	at binarySearch.binarySearchImplementation.binarySearch(binarySearchImplementation.java:15)
	at binarySearch.binarySearchImplementation.binarySearch(binarySearchImplementation.java:15)
	at binarySearch.binarySearchImplementation.binarySearch(binarySearchImplementation.java:15)
	at binarySearch.binarySearchImplementation.binarySearch(binarySearchImplementation.java:12)
	at binarySearch.binarySearchImplementation.binarySearch(binarySearchImplementation.java:15)
	at binarySearch.binarySearchImplementation.binarySearch(binarySearchImplementation.java:15)
	at binarySearch.binarySearchImplementation.binarySearch(binarySearchImplementation.java:15)
	at binarySearch.binarySearchImplementation.binarySearch(binarySearchImplementation.java:12)
	at binarySearch.binarySearchImplementation.binarySearch(binarySearchImplementation.java:15)
	at binarySearch.binarySearchImplementation.binarySearch(binarySearchImplementation.java:15)
	at binarySearch.binarySearchImplementation.binarySearch(binarySearchImplementation.java:15)
	at binarySearch.binarySearchImplementation.binarySearch(binarySearchImplementation.java:12)
	at binarySearch.binarySearchImplementation.binarySearch(binarySearchImplementation.java:15)
	at binarySearch.binarySearchImplementation.binarySearch(binarySearchImplementation.java:15)
	at binarySearch.binarySearchImplementation.binarySearch(binarySearchImplementation.java:15)
	at binarySearch.binarySearchImplementation.binarySearch(binarySearchImplementation.java:12)
	at binarySearch.binarySearchImplementation.binarySearch(binarySearchImplementation.java:15)
	at binarySearch.binarySearchImplementation.binarySearch(binarySearchImplementation.java:15)
	at binarySearch.binarySearchImplementation.binarySearch(binarySearchImplementation.java:15)
	at binarySearch.binarySearchImplementation.binarySearch(binarySearchImplementation.java:12)
	at binarySearch.binarySearchImplementation.binarySearch(binarySearchImplementation.java:15)
	at binarySearch.binarySearchImplementation.binarySearch(binarySearchImplementation.java:15)
	at binarySearch.binarySearchImplementation.binarySearch(binarySearchImplementation.java:15)
	at binarySearch.binarySearchImplementation.binarySearch(binarySearchImplementation.java:12)
	at binarySearch.binarySearchImplementation.binarySearch(binarySearchImplementation.java:15)
	at binarySearch.binarySearchImplementation.binarySearch(binarySearchImplementation.java:15)
	at binarySearch.binarySearchImplementation.binarySearch(binarySearchImplementation.java:15)
	at binarySearch.binarySearchImplementation.binarySearch(binarySearchImplementation.java:12)
	at binarySearch.binarySearchImplementation.binarySearch(binarySearchImplementation.java:15)
	at binarySearch.binarySearchImplementation.binarySearch(binarySearchImplementation.java:15)
	at binarySearch.binarySearchImplementation.binarySearch(binarySearchImplementation.java:15)
	at binarySearch.binarySearchImplementation.binarySearch(binarySearchImplementation.java:12)
	at binarySearch.binarySearchImplementation.binarySearch(binarySearchImplementation.java:15)
	at binarySearch.binarySearchImplementation.binarySearch(binarySearchImplementation.java:15)
	at binarySearch.binarySearchImplementation.binarySearch(binarySearchImplementation.java:15)
	at binarySearch.binarySearchImplementation.binarySearch(binarySearchImplementation.java:12)
	at binarySearch.binarySearchImplementation.binarySearch(binarySearchImplementation.java:15)
	at binarySearch.binarySearchImplementation.binarySearch(binarySearchImplementation.java:15)
	at binarySearch.binarySearchImplementation.binarySearch(binarySearchImplementation.java:15)
	at binarySearch.binarySearchImplementation.binarySearch(binarySearchImplementation.java:12)
	at binarySearch.binarySearchImplementation.binarySearch(binarySearchImplementation.java:15)
	at binarySearch.binarySearchImplementation.binarySearch(binarySearchImplementation.java:15)
	at binarySearch.binarySearchImplementation.binarySearch(binarySearchImplementation.java:15)
	at binarySearch.binarySearchImplementation.binarySearch(binarySearchImplementation.java:12)
	at binarySearch.binarySearchImplementation.binarySearch(binarySearchImplementation.java:15)
	at binarySearch.binarySearchImplementation.binarySearch(binarySearchImplementation.java:15)
	at binarySearch.binarySearchImplementation.binarySearch(binarySearchImplementation.java:15)
	at binarySearch.binarySearchImplementation.binarySearch(binarySearchImplementation.java:12)
	at binarySearch.binarySearchImplementation.binarySearch(binarySearchImplementation.java:15)
	at binarySearch.binarySearchImplementation.binarySearch(binarySearchImplementation.java:15)
	at binarySearch.binarySearchImplementation.binarySearch(binarySearchImplementation.java:15)
	at binarySearch.binarySearchImplementation.binarySearch(binarySearchImplementation.java:12)
	at binarySearch.binarySearchImplementation.binarySearch(binarySearchImplementation.java:15)
	at binarySearch.binarySearchImplementation.binarySearch(binarySearchImplementation.java:15)
	at binarySearch.binarySearchImplementation.binarySearch(binarySearchImplementation.java:15)
	at binarySearch.binarySearchImplementation.binarySearch(binarySearchImplementation.java:12)
	at binarySearch.binarySearchImplementation.binarySearch(binarySearchImplementation.java:15)
	at binarySearch.binarySearchImplementation.binarySearch(binarySearchImplementation.java:15)
	at binarySearch.binarySearchImplementation.binarySearch(binarySearchImplementation.java:15)
	at binarySearch.binarySearchImplementation.binarySearch(binarySearchImplementation.java:12)
	at binarySearch.binarySearchImplementation.binarySearch(binarySearchImplementation.java:15)
	at binarySearch.binarySearchImplementation.binarySearch(binarySearchImplementation.java:15)
	at binarySearch.binarySearchImplementation.binarySearch(binarySearchImplementation.java:15)
	at binarySearch.binarySearchImplementation.binarySearch(binarySearchImplementation.java:12)
	at binarySearch.binarySearchImplementation.binarySearch(binarySearchImplementation.java:15)
	at binarySearch.binarySearchImplementation.binarySearch(binarySearchImplementation.java:15)
	at binarySearch.binarySearchImplementation.binarySearch(binarySearchImplementation.java:15)
	at binarySearch.binarySearchImplementation.binarySearch(binarySearchImplementation.java:12)
	at binarySearch.binarySearchImplementation.binarySearch(binarySearchImplementation.java:15)
	at binarySearch.binarySearchImplementation.binarySearch(binarySearchImplementation.java:15)
	at binarySearch.binarySearchImplementation.binarySearch(binarySearchImplementation.java:15)
	at binarySearch.binarySearchImplementation.binarySearch(binarySearchImplementation.java:12)
	at binarySearch.binarySearchImplementation.binarySearch(binarySearchImplementation.java:15)
	at binarySearch.binarySearchImplementation.binarySearch(binarySearchImplementation.java:15)
	at binarySearch.binarySearchImplementation.binarySearch(binarySearchImplementation.java:15)
	at binarySearch.binarySearchImplementation.binarySearch(binarySearchImplementation.java:12)
	at binarySearch.binarySearchImplementation.binarySearch(binarySearchImplementation.java:15)
	at binarySearch.binarySearchImplementation.binarySearch(binarySearchImplementation.java:15)
	at binarySearch.binarySearchImplementation.binarySearch(binarySearchImplementation.java:15)
	at binarySearch.binarySearchImplementation.binarySearch(binarySearchImplementation.java:12)
	at binarySearch.binarySearchImplementation.binarySearch(binarySearchImplementation.java:15)
	at binarySearch.binarySearchImplementation.binarySearch(binarySearchImplementation.java:15)
	at binarySearch.binarySearchImplementation.binarySearch(binarySearchImplementation.java:15)
	at binarySearch.binarySearchImplementation.binarySearch(binarySearchImplementation.java:12)
	at binarySearch.binarySearchImplementation.binarySearch(binarySearchImplementation.java:15)
	at binarySearch.binarySearchImplementation.binarySearch(binarySearchImplementation.java:15)
	at binarySearch.binarySearchImplementation.binarySearch(binarySearchImplementation.java:15)
	at binarySearch.binarySearchImplementation.binarySearch(binarySearchImplementation.java:12)
	at binarySearch.binarySearchImplementation.binarySearch(binarySearchImplementation.java:15)
	at binarySearch.binarySearchImplementation.binarySearch(binarySearchImplementation.java:15)
	at binarySearch.binarySearchImplementation.binarySearch(binarySearchImplementation.java:15)
	at binarySearch.binarySearchImplementation.binarySearch(binarySearchImplementation.java:12)
	at binarySearch.binarySearchImplementation.binarySearch(binarySearchImplementation.java:15)
	at binarySearch.binarySearchImplementation.binarySearch(binarySearchImplementation.java:15)
	at binarySearch.binarySearchImplementation.binarySearch(binarySearchImplementation.java:15)
	at binarySearch.binarySearchImplementation.binarySearch(binarySearchImplementation.java:12)
	at binarySearch.binarySearchImplementation.binarySearch(binarySearchImplementation.java:15)
	at binarySearch.binarySearchImplementation.binarySearch(binarySearchImplementation.java:15)
	at binarySearch.binarySearchImplementation.binarySearch(binarySearchImplementation.java:15)
	at binarySearch.binarySearchImplementation.binarySearch(binarySearchImplementation.java:12)
	at binarySearch.binarySearchImplementation.binarySearch(binarySearchImplementation.java:15)
	at binarySearch.binarySearchImplementation.binarySearch(binarySearchImplementation.java:15)
	at binarySearch.binarySearchImplementation.binarySearch(binarySearchImplementation.java:15)
	at binarySearch.binarySearchImplementation.binarySearch(binarySearchImplementation.java:12)
	at binarySearch.binarySearchImplementation.binarySearch(binarySearchImplementation.java:15)
	at binarySearch.binarySearchImplementation.binarySearch(binarySearchImplementation.java:15)
	at binarySearch.binarySearchImplementation.binarySearch(binarySearchImplementation.java:15)
	at binarySearch.binarySearchImplementation.binarySearch(binarySearchImplementation.java:12)
	at binarySearch.binarySearchImplementation.binarySearch(binarySearchImplementation.java:15)
	at binarySearch.binarySearchImplementation.binarySearch(binarySearchImplementation.java:15)
	at binarySearch.binarySearchImplementation.binarySearch(binarySearchImplementation.java:15)
	at binarySearch.binarySearchImplementation.binarySearch(binarySearchImplementation.java:12)
	at binarySearch.binarySearchImplementation.binarySearch(binarySearchImplementation.java:15)
	at binarySearch.binarySearchImplementation.binarySearch(binarySearchImplementation.java:15)
	at binarySearch.binarySearchImplementation.binarySearch(binarySearchImplementation.java:15)
	at binarySearch.binarySearchImplementation.binarySearch(binarySearchImplementation.java:12)
	at binarySearch.binarySearchImplementation.binarySearch(binarySearchImplementation.java:15)
	at binarySearch.binarySearchImplementation.binarySearch(binarySearchImplementation.java:15)
	at binarySearch.binarySearchImplementation.binarySearch(binarySearchImplementation.java:15)
	at binarySearch.binarySearchImplementation.binarySearch(binarySearchImplementation.java:12)
	at binarySearch.binarySearchImplementation.binarySearch(binarySearchImplementation.java:15)
	at binarySearch.binarySearchImplementation.binarySearch(binarySearchImplementation.java:15)
	at binarySearch.binarySearchImplementation.binarySearch(binarySearchImplementation.java:15)
	at binarySearch.binarySearchImplementation.binarySearch(binarySearchImplementation.java:12)
	at binarySearch.binarySearchImplementation.binarySearch(binarySearchImplementation.java:15)
	at binarySearch.binarySearchImplementation.binarySearch(binarySearchImplementation.java:15)
	at binarySearch.binarySearchImplementation.binarySearch(binarySearchImplementation.java:15)
	at binarySearch.binarySearchImplementation.binarySearch(binarySearchImplementation.java:12)
	at binarySearch.binarySearchImplementation.binarySearch(binarySearchImplementation.java:15)
	at binarySearch.binarySearchImplementation.binarySearch(binarySearchImplementation.java:15)
	at binarySearch.binarySearchImplementation.binarySearch(binarySearchImplementation.java:15)
	at binarySearch.binarySearchImplementation.binarySearch(binarySearchImplementation.java:12)
	at binarySearch.binarySearchImplementation.binarySearch(binarySearchImplementation.java:15)
	at binarySearch.binarySearchImplementation.binarySearch(binarySearchImplementation.java:15)
	at binarySearch.binarySearchImplementation.binarySearch(binarySearchImplementation.java:15)
	at binarySearch.binarySearchImplementation.binarySearch(binarySearchImplementation.java:12)
	at binarySearch.binarySearchImplementation.binarySearch(binarySearchImplementation.java:15)
	at binarySearch.binarySearchImplementation.binarySearch(binarySearchImplementation.java:15)
	at binarySearch.binarySearchImplementation.binarySearch(binarySearchImplementation.java:15)
	at binarySearch.binarySearchImplementation.binarySearch(binarySearchImplementation.java:12)
	at binarySearch.binarySearchImplementation.binarySearch(binarySearchImplementation.java:15)
	at binarySearch.binarySearchImplementation.binarySearch(binarySearchImplementation.java:15)
	at binarySearch.binarySearchImplementation.binarySearch(binarySearchImplementation.java:15)
	at binarySearch.binarySearchImplementation.binarySearch(binarySearchImplementation.java:12)
	at binarySearch.binarySearchImplementation.binarySearch(binarySearchImplementation.java:15)
	at binarySearch.binarySearchImplementation.binarySearch(binarySearchImplementation.java:15)
	at binarySearch.binarySearchImplementation.binarySearch(binarySearchImplementation.java:15)
	at binarySearch.binarySearchImplementation.binarySearch(binarySearchImplementation.java:12)
	at binarySearch.binarySearchImplementation.binarySearch(binarySearchImplementation.java:15)
	at binarySearch.binarySearchImplementation.binarySearch(binarySearchImplementation.java:15)
	at binarySearch.binarySearchImplementation.binarySearch(binarySearchImplementation.java:15)
	at binarySearch.binarySearchImplementation.binarySearch(binarySearchImplementation.java:12)
	at binarySearch.binarySearchImplementation.binarySearch(binarySearchImplementation.java:15)
	at binarySearch.binarySearchImplementation.binarySearch(binarySearchImplementation.java:15)
	at binarySearch.binarySearchImplementation.binarySearch(binarySearchImplementation.java:15)
	at binarySearch.binarySearchImplementation.binarySearch(binarySearchImplementation.java:12)
	at binarySearch.binarySearchImplementation.binarySearch(binarySearchImplementation.java:15)
	at binarySearch.binarySearchImplementation.binarySearch(binarySearchImplementation.java:15)
	at binarySearch.binarySearchImplementation.binarySearch(binarySearchImplementation.java:15)
	at binarySearch.binarySearchImplementation.binarySearch(binarySearchImplementation.java:12)
	at binarySearch.binarySearchImplementation.binarySearch(binarySearchImplementation.java:15)
	at binarySearch.binarySearchImplementation.binarySearch(binarySearchImplementation.java:15)
	at binarySearch.binarySearchImplementation.binarySearch(binarySearchImplementation.java:15)
	at binarySearch.binarySearchImplementation.binarySearch(binarySearchImplementation.java:12)
	at binarySearch.binarySearchImplementation.binarySearch(binarySearchImplementation.java:15)
	at binarySearch.binarySearchImplementation.binarySearch(binarySearchImplementation.java:15)
	at binarySearch.binarySearchImplementation.binarySearch(binarySearchImplementation.java:15)
	at binarySearch.binarySearchImplementation.binarySearch(binarySearchImplementation.java:12)
	at binarySearch.binarySearchImplementation.binarySearch(binarySearchImplementation.java:15)
	at binarySearch.binarySearchImplementation.binarySearch(binarySearchImplementation.java:15)
	at binarySearch.binarySearchImplementation.binarySearch(binarySearchImplementation.java:15)
	at binarySearch.binarySearchImplementation.binarySearch(binarySearchImplementation.java:12)
	at binarySearch.binarySearchImplementation.binarySearch(binarySearchImplementation.java:15)
	at binarySearch.binarySearchImplementation.binarySearch(binarySearchImplementation.java:15)
	at binarySearch.binarySearchImplementation.binarySearch(binarySearchImplementation.java:15)
	at binarySearch.binarySearchImplementation.binarySearch(binarySearchImplementation.java:12)
	at binarySearch.binarySearchImplementation.binarySearch(binarySearchImplementation.java:15)
	at binarySearch.binarySearchImplementation.binarySearch(binarySearchImplementation.java:15)
	at binarySearch.binarySearchImplementation.binarySearch(binarySearchImplementation.java:15)
	at binarySearch.binarySearchImplementation.binarySearch(binarySearchImplementation.java:12)
	at binarySearch.binarySearchImplementation.binarySearch(binarySearchImplementation.java:15)
	at binarySearch.binarySearchImplementation.binarySearch(binarySearchImplementation.java:15)
	at binarySearch.binarySearchImplementation.binarySearch(binarySearchImplementation.java:15)
	at binarySearch.binarySearchImplementation.binarySearch(binarySearchImplementation.java:12)
	at binarySearch.binarySearchImplementation.binarySearch(binarySearchImplementation.java:15)
	at binarySearch.binarySearchImplementation.binarySearch(binarySearchImplementation.java:15)
	at binarySearch.binarySearchImplementation.binarySearch(binarySearchImplementation.java:15)
	at binarySearch.binarySearchImplementation.binarySearch(binarySearchImplementation.java:12)
	at binarySearch.binarySearchImplementation.binarySearch(binarySearchImplementation.java:15)
	at binarySearch.binarySearchImplementation.binarySearch(binarySearchImplementation.java:15)
	at binarySearch.binarySearchImplementation.binarySearch(binarySearchImplementation.java:15)
	at binarySearch.binarySearchImplementation.binarySearch(binarySearchImplementation.java:12)
	at binarySearch.binarySearchImplementation.binarySearch(binarySearchImplementation.java:15)
	at binarySearch.binarySearchImplementation.binarySearch(binarySearchImplementation.java:15)
	at binarySearch.binarySearchImplementation.binarySearch(binarySearchImplementation.java:15)
	at binarySearch.binarySearchImplementation.binarySearch(binarySearchImplementation.java:12)
	at binarySearch.binarySearchImplementation.binarySearch(binarySearchImplementation.java:15)
	at binarySearch.binarySearchImplementation.binarySearch(binarySearchImplementation.java:15)
	at binarySearch.binarySearchImplementation.binarySearch(binarySearchImplementation.java:15)
	at binarySearch.binarySearchImplementation.binarySearch(binarySearchImplementation.java:12)
	at binarySearch.binarySearchImplementation.binarySearch(binarySearchImplementation.java:15)
	at binarySearch.binarySearchImplementation.binarySearch(binarySearchImplementation.java:15)
	at binarySearch.binarySearchImplementation.binarySearch(binarySearchImplementation.java:15)
	at binarySearch.binarySearchImplementation.binarySearch(binarySearchImplementation.java:12)
	at binarySearch.binarySearchImplementation.binarySearch(binarySearchImplementation.java:15)
	at binarySearch.binarySearchImplementation.binarySearch(binarySearchImplementation.java:15)
	at binarySearch.binarySearchImplementation.binarySearch(binarySearchImplementation.java:15)
	at binarySearch.binarySearchImplementation.binarySearch(binarySearchImplementation.java:12)
	at binarySearch.binarySearchImplementation.binarySearch(binarySearchImplementation.java:15)
	at binarySearch.binarySearchImplementation.binarySearch(binarySearchImplementation.java:15)
	at binarySearch.binarySearchImplementation.binarySearch(binarySearchImplementation.java:15)
	at binarySearch.binarySearchImplementation.binarySearch(binarySearchImplementation.java:12)
	at binarySearch.binarySearchImplementation.binarySearch(binarySearchImplementation.java:15)
	at binarySearch.binarySearchImplementation.binarySearch(binarySearchImplementation.java:15)
	at binarySearch.binarySearchImplementation.binarySearch(binarySearchImplementation.java:15)
	at binarySearch.binarySearchImplementation.binarySearch(binarySearchImplementation.java:12)
	at binarySearch.binarySearchImplementation.binarySearch(binarySearchImplementation.java:15)
	at binarySearch.binarySearchImplementation.binarySearch(binarySearchImplementation.java:15)
	at binarySearch.binarySearchImplementation.binarySearch(binarySearchImplementation.java:15)
	at binarySearch.binarySearchImplementation.binarySearch(binarySearchImplementation.java:12)
	at binarySearch.binarySearchImplementation.binarySearch(binarySearchImplementation.java:15)
	at binarySearch.binarySearchImplementation.binarySearch(binarySearchImplementation.java:15)
	at binarySearch.binarySearchImplementation.binarySearch(binarySearchImplementation.java:15)
	at binarySearch.binarySearchImplementation.binarySearch(binarySearchImplementation.java:12)
	at binarySearch.binarySearchImplementation.binarySearch(binarySearchImplementation.java:15)
	at binarySearch.binarySearchImplementation.binarySearch(binarySearchImplementation.java:15)
	at binarySearch.binarySearchImplementation.binarySearch(binarySearchImplementation.java:15)
	at binarySearch.binarySearchImplementation.binarySearch(binarySearchImplementation.java:12)
	at binarySearch.binarySearchImplementation.binarySearch(binarySearchImplementation.java:15)
	at binarySearch.binarySearchImplementation.binarySearch(binarySearchImplementation.java:15)
	at binarySearch.binarySearchImplementation.binarySearch(binarySearchImplementation.java:15)
	at binarySearch.binarySearchImplementation.binarySearch(binarySearchImplementation.java:12)
	at binarySearch.binarySearchImplementation.binarySearch(binarySearchImplementation.java:15)
	at binarySearch.binarySearchImplementation.binarySearch(binarySearchImplementation.java:15)
	at binarySearch.binarySearchImplementation.binarySearch(binarySearchImplementation.java:15)
	at binarySearch.binarySearchImplementation.binarySearch(binarySearchImplementation.java:12)
	at binarySearch.binarySearchImplementation.binarySearch(binarySearchImplementation.java:15)
	at binarySearch.binarySearchImplementation.binarySearch(binarySearchImplementation.java:15)
	at binarySearch.binarySearchImplementation.binarySearch(binarySearchImplementation.java:15)
	at binarySearch.binarySearchImplementation.binarySearch(binarySearchImplementation.java:12)
	at binarySearch.binarySearchImplementation.binarySearch(binarySearchImplementation.java:15)
	at binarySearch.binarySearchImplementation.binarySearch(binarySearchImplementation.java:15)
	at binarySearch.binarySearchImplementation.binarySearch(binarySearchImplementation.java:15)
	at binarySearch.binarySearchImplementation.binarySearch(binarySearchImplementation.java:12)
	at binarySearch.binarySearchImplementation.binarySearch(binarySearchImplementation.java:15)
	at binarySearch.binarySearchImplementation.binarySearch(binarySearchImplementation.java:15)
	at binarySearch.binarySearchImplementation.binarySearch(binarySearchImplementation.java:15)
	at binarySearch.binarySearchImplementation.binarySearch(binarySearchImplementation.java:12)
	at binarySearch.binarySearchImplementation.binarySearch(binarySearchImplementation.java:15)
	at binarySearch.binarySearchImplementation.binarySearch(binarySearchImplementation.java:15)
	at binarySearch.binarySearchImplementation.binarySearch(binarySearchImplementation.java:15)
	at binarySearch.binarySearchImplementation.binarySearch(binarySearchImplementation.java:12)
	at binarySearch.binarySearchImplementation.binarySearch(binarySearchImplementation.java:15)
	at binarySearch.binarySearchImplementation.binarySearch(binarySearchImplementation.java:15)
	at binarySearch.binarySearchImplementation.binarySearch(binarySearchImplementation.java:15)
	at binarySearch.binarySearchImplementation.binarySearch(binarySearchImplementation.java:12)
	at binarySearch.binarySearchImplementation.binarySearch(binarySearchImplementation.java:15)
	at binarySearch.binarySearchImplementation.binarySearch(binarySearchImplementation.java:15)
	at binarySearch.binarySearchImplementation.binarySearch(binarySearchImplementation.java:15)
	at binarySearch.binarySearchImplementation.binarySearch(binarySearchImplementation.java:12)
	at binarySearch.binarySearchImplementation.binarySearch(binarySearchImplementation.java:15)
	at binarySearch.binarySearchImplementation.binarySearch(binarySearchImplementation.java:15)
	at binarySearch.binarySearchImplementation.binarySearch(binarySearchImplementation.java:15)
	at binarySearch.binarySearchImplementation.binarySearch(binarySearchImplementation.java:12)
	at binarySearch.binarySearchImplementation.binarySearch(binarySearchImplementation.java:15)
	at binarySearch.binarySearchImplementation.binarySearch(binarySearchImplementation.java:15)
	at binarySearch.binarySearchImplementation.binarySearch(binarySearchImplementation.java:15)
	at binarySearch.binarySearchImplementation.binarySearch(binarySearchImplementation.java:12)
	at binarySearch.binarySearchImplementation.binarySearch(binarySearchImplementation.java:15)
	at binarySearch.binarySearchImplementation.binarySearch(binarySearchImplementation.java:15)
	at binarySearch.binarySearchImplementation.binarySearch(binarySearchImplementation.java:15)
	at binarySearch.binarySearchImplementation.binarySearch(binarySearchImplementation.java:12)
	at binarySearch.binarySearchImplementation.binarySearch(binarySearchImplementation.java:15)
	at binarySearch.binarySearchImplementation.binarySearch(binarySearchImplementation.java:15)
	at binarySearch.binarySearchImplementation.binarySearch(binarySearchImplementation.java:15)
	at binarySearch.binarySearchImplementation.binarySearch(binarySearchImplementation.java:12)
	at binarySearch.binarySearchImplementation.binarySearch(binarySearchImplementation.java:15)
	at binarySearch.binarySearchImplementation.binarySearch(binarySearchImplementation.java:15)
	at binarySearch.binarySearchImplementation.binarySearch(binarySearchImplementation.java:15)
	at binarySearch.binarySearchImplementation.binarySearch(binarySearchImplementation.java:12)
	at binarySearch.binarySearchImplementation.binarySearch(binarySearchImplementation.java:15)
	at binarySearch.binarySearchImplementation.binarySearch(binarySearchImplementation.java:15)
	at binarySearch.binarySearchImplementation.binarySearch(binarySearchImplementation.java:15)
	at binarySearch.binarySearchImplementation.binarySearch(binarySearchImplementation.java:12)
	at binarySearch.binarySearchImplementation.binarySearch(binarySearchImplementation.java:15)
	at binarySearch.binarySearchImplementation.binarySearch(binarySearchImplementation.java:15)
	at binarySearch.binarySearchImplementation.binarySearch(binarySearchImplementation.java:15)
	at binarySearch.binarySearchImplementation.binarySearch(binarySearchImplementation.java:12)
	at binarySearch.binarySearchImplementation.binarySearch(binarySearchImplementation.java:15)
	at binarySearch.binarySearchImplementation.binarySearch(binarySearchImplementation.java:15)
	at binarySearch.binarySearchImplementation.binarySearch(binarySearchImplementation.java:15)
	at binarySearch.binarySearchImplementation.binarySearch(binarySearchImplementation.java:12)
	at binarySearch.binarySearchImplementation.binarySearch(binarySearchImplementation.java:15)
	at binarySearch.binarySearchImplementation.binarySearch(binarySearchImplementation.java:15)
	at binarySearch.binarySearchImplementation.binarySearch(binarySearchImplementation.java:15)
	at binarySearch.binarySearchImplementation.binarySearch(binarySearchImplementation.java:12)
	at binarySearch.binarySearchImplementation.binarySearch(binarySearchImplementation.java:15)
	at binarySearch.binarySearchImplementation.binarySearch(binarySearchImplementation.java:15)
	at binarySearch.binarySearchImplementation.binarySearch(binarySearchImplementation.java:15)
	at binarySearch.binarySearchImplementation.binarySearch(binarySearchImplementation.java:12)
	at binarySearch.binarySearchImplementation.binarySearch(binarySearchImplementation.java:15)
	at binarySearch.binarySearchImplementation.binarySearch(binarySearchImplementation.java:15)
	at binarySearch.binarySearchImplementation.binarySearch(binarySearchImplementation.java:15)
	at binarySearch.binarySearchImplementation.binarySearch(binarySearchImplementation.java:12)
	at binarySearch.binarySearchImplementation.binarySearch(binarySearchImplementation.java:15)
	at binarySearch.binarySearchImplementation.binarySearch(binarySearchImplementation.java:15)
	at binarySearch.binarySearchImplementation.binarySearch(binarySearchImplementation.java:15)
	at binarySearch.binarySearchImplementation.binarySearch(binarySearchImplementation.java:12)
	at binarySearch.binarySearchImplementation.binarySearch(binarySearchImplementation.java:15)
	at binarySearch.binarySearchImplementation.binarySearch(binarySearchImplementation.java:15)
	at binarySearch.binarySearchImplementation.binarySearch(binarySearchImplementation.java:15)
	at binarySearch.binarySearchImplementation.binarySearch(binarySearchImplementation.java:12)
	at binarySearch.binarySearchImplementation.binarySearch(binarySearchImplementation.java:15)
	at binarySearch.binarySearchImplementation.binarySearch(binarySearchImplementation.java:15)
	at binarySearch.binarySearchImplementation.binarySearch(binarySearchImplementation.java:15)
	at binarySearch.binarySearchImplementation.binarySearch(binarySearchImplementation.java:12)
	at binarySearch.binarySearchImplementation.binarySearch(binarySearchImplementation.java:15)
	at binarySearch.binarySearchImplementation.binarySearch(binarySearchImplementation.java:15)
	at binarySearch.binarySearchImplementation.binarySearch(binarySearchImplementation.java:15)
	at binarySearch.binarySearchImplementation.binarySearch(binarySearchImplementation.java:12)
	at binarySearch.binarySearchImplementation.binarySearch(binarySearchImplementation.java:15)
	at binarySearch.binarySearchImplementation.binarySearch(binarySearchImplementation.java:15)
	at binarySearch.binarySearchImplementation.binarySearch(binarySearchImplementation.java:15)
	at binarySearch.binarySearchImplementation.binarySearch(binarySearchImplementation.java:12)
	at binarySearch.binarySearchImplementation.binarySearch(binarySearchImplementation.java:15)
	at binarySearch.binarySearchImplementation.binarySearch(binarySearchImplementation.java:15)
	at binarySearch.binarySearchImplementation.binarySearch(binarySearchImplementation.java:15)
	at binarySearch.binarySearchImplementation.binarySearch(binarySearchImplementation.java:12)
	at binarySearch.binarySearchImplementation.binarySearch(binarySearchImplementation.java:15)
	at binarySearch.binarySearchImplementation.binarySearch(binarySearchImplementation.java:15)
	at binarySearch.binarySearchImplementation.binarySearch(binarySearchImplementation.java:15)
	at binarySearch.binarySearchImplementation.binarySearch(binarySearchImplementation.java:12)
	at binarySearch.binarySearchImplementation.binarySearch(binarySearchImplementation.java:15)
	at binarySearch.binarySearchImplementation.binarySearch(binarySearchImplementation.java:15)
	at binarySearch.binarySearchImplementation.binarySearch(binarySearchImplementation.java:15)
	at binarySearch.binarySearchImplementation.binarySearch(binarySearchImplementation.java:12)
	at binarySearch.binarySearchImplementation.binarySearch(binarySearchImplementation.java:15)
	at binarySearch.binarySearchImplementation.binarySearch(binarySearchImplementation.java:15)
	at binarySearch.binarySearchImplementation.binarySearch(binarySearchImplementation.java:15)
	at binarySearch.binarySearchImplementation.binarySearch(binarySearchImplementation.java:12)
	at binarySearch.binarySearchImplementation.binarySearch(binarySearchImplementation.java:15)
	at binarySearch.binarySearchImplementation.binarySearch(binarySearchImplementation.java:15)
	at binarySearch.binarySearchImplementation.binarySearch(binarySearchImplementation.java:15)
	at binarySearch.binarySearchImplementation.binarySearch(binarySearchImplementation.java:12)
	at binarySearch.binarySearchImplementation.binarySearch(binarySearchImplementation.java:15)
	at binarySearch.binarySearchImplementation.binarySearch(binarySearchImplementation.java:15)
	at binarySearch.binarySearchImplementation.binarySearch(binarySearchImplementation.java:15)
	at binarySearch.binarySearchImplementation.binarySearch(binarySearchImplementation.java:12)
	at binarySearch.binarySearchImplementation.binarySearch(binarySearchImplementation.java:15)
	at binarySearch.binarySearchImplementation.binarySearch(binarySearchImplementation.java:15)
	at binarySearch.binarySearchImplementation.binarySearch(binarySearchImplementation.java:15)
	at binarySearch.binarySearchImplementation.binarySearch(binarySearchImplementation.java:12)
	at binarySearch.binarySearchImplementation.binarySearch(binarySearchImplementation.java:15)
	at binarySearch.binarySearchImplementation.binarySearch(binarySearchImplementation.java:15)
	at binarySearch.binarySearchImplementation.binarySearch(binarySearchImplementation.java:15)
	at binarySearch.binarySearchImplementation.binarySearch(binarySearchImplementation.java:12)
	at binarySearch.binarySearchImplementation.binarySearch(binarySearchImplementation.java:15)
	at binarySearch.binarySearchImplementation.binarySearch(binarySearchImplementation.java:15)
	at binarySearch.binarySearchImplementation.binarySearch(binarySearchImplementation.java:15)
	at binarySearch.binarySearchImplementation.binarySearch(binarySearchImplementation.java:12)
	at binarySearch.binarySearchImplementation.binarySearch(binarySearchImplementation.java:15)
	at binarySearch.binarySearchImplementation.binarySearch(binarySearchImplementation.java:15)
	at binarySearch.binarySearchImplementation.binarySearch(binarySearchImplementation.java:15)
	at binarySearch.binarySearchImplementation.binarySearch(binarySearchImplementation.java:12)
	at binarySearch.binarySearchImplementation.binarySearch(binarySearchImplementation.java:15)
	at binarySearch.binarySearchImplementation.binarySearch(binarySearchImplementation.java:15)
	at binarySearch.binarySearchImplementation.binarySearch(binarySearchImplementation.java:15)
	at binarySearch.binarySearchImplementation.binarySearch(binarySearchImplementation.java:12)
	at binarySearch.binarySearchImplementation.binarySearch(binarySearchImplementation.java:15)
	at binarySearch.binarySearchImplementation.binarySearch(binarySearchImplementation.java:15)
	at binarySearch.binarySearchImplementation.binarySearch(binarySearchImplementation.java:15)
	at binarySearch.binarySearchImplementation.binarySearch(binarySearchImplementation.java:12)
	at binarySearch.binarySearchImplementation.binarySearch(binarySearchImplementation.java:15)
	at binarySearch.binarySearchImplementation.binarySearch(binarySearchImplementation.java:15)
	at binarySearch.binarySearchImplementation.binarySearch(binarySearchImplementation.java:15)
	at binarySearch.binarySearchImplementation.binarySearch(binarySearchImplementation.java:12)
	at binarySearch.binarySearchImplementation.binarySearch(binarySearchImplementation.java:15)
	at binarySearch.binarySearchImplementation.binarySearch(binarySearchImplementation.java:15)
	at binarySearch.binarySearchImplementation.binarySearch(binarySearchImplementation.java:15)
	at binarySearch.binarySearchImplementation.binarySearch(binarySearchImplementation.java:12)
	at binarySearch.binarySearchImplementation.binarySearch(binarySearchImplementation.java:15)
	at binarySearch.binarySearchImplementation.binarySearch(binarySearchImplementation.java:15)
	at binarySearch.binarySearchImplementation.binarySearch(binarySearchImplementation.java:15)
	at binarySearch.binarySearchImplementation.binarySearch(binarySearchImplementation.java:12)
	at binarySearch.binarySearchImplementation.binarySearch(binarySearchImplementation.java:15)
	at binarySearch.binarySearchImplementation.binarySearch(binarySearchImplementation.java:15)
	at binarySearch.binarySearchImplementation.binarySearch(binarySearchImplementation.java:15)
	at binarySearch.binarySearchImplementation.binarySearch(binarySearchImplementation.java:12)
	at binarySearch.binarySearchImplementation.binarySearch(binarySearchImplementation.java:15)
	at binarySearch.binarySearchImplementation.binarySearch(binarySearchImplementation.java:15)
	at binarySearch.binarySearchImplementation.binarySearch(binarySearchImplementation.java:15)
	at binarySearch.binarySearchImplementation.binarySearch(binarySearchImplementation.java:12)
	at binarySearch.binarySearchImplementation.binarySearch(binarySearchImplementation.java:15)
	at binarySearch.binarySearchImplementation.binarySearch(binarySearchImplementation.java:15)
	at binarySearch.binarySearchImplementation.binarySearch(binarySearchImplementation.java:15)
	at binarySearch.binarySearchImplementation.binarySearch(binarySearchImplementation.java:12)
	at binarySearch.binarySearchImplementation.binarySearch(binarySearchImplementation.java:15)
	at binarySearch.binarySearchImplementation.binarySearch(binarySearchImplementation.java:15)
	at binarySearch.binarySearchImplementation.binarySearch(binarySearchImplementation.java:15)
	at binarySearch.binarySearchImplementation.binarySearch(binarySearchImplementation.java:12)
	at binarySearch.binarySearchImplementation.binarySearch(binarySearchImplementation.java:15)
	at binarySearch.binarySearchImplementation.binarySearch(binarySearchImplementation.java:15)
	at binarySearch.binarySearchImplementation.binarySearch(binarySearchImplementation.java:15)
	at binarySearch.binarySearchImplementation.binarySearch(binarySearchImplementation.java:12)
	at binarySearch.binarySearchImplementation.binarySearch(binarySearchImplementation.java:15)
	at binarySearch.binarySearchImplementation.binarySearch(binarySearchImplementation.java:15)
	at binarySearch.binarySearchImplementation.binarySearch(binarySearchImplementation.java:15)
	at binarySearch.binarySearchImplementation.binarySearch(binarySearchImplementation.java:12)
	at binarySearch.binarySearchImplementation.binarySearch(binarySearchImplementation.java:15)
	at binarySearch.binarySearchImplementation.binarySearch(binarySearchImplementation.java:15)
	at binarySearch.binarySearchImplementation.binarySearch(binarySearchImplementation.java:15)
	at binarySearch.binarySearchImplementation.binarySearch(binarySearchImplementation.java:12)
	at binarySearch.binarySearchImplementation.binarySearch(binarySearchImplementation.java:15)
	at binarySearch.binarySearchImplementation.binarySearch(binarySearchImplementation.java:15)
	at binarySearch.binarySearchImplementation.binarySearch(binarySearchImplementation.java:15)
	at binarySearch.binarySearchImplementation.binarySearch(binarySearchImplementation.java:12)
	at binarySearch.binarySearchImplementation.binarySearch(binarySearchImplementation.java:15)
	at binarySearch.binarySearchImplementation.binarySearch(binarySearchImplementation.java:15)
	at binarySearch.binarySearchImplementation.binarySearch(binarySearchImplementation.java:15)
	at binarySearch.binarySearchImplementation.binarySearch(binarySearchImplementation.java:12)
	at binarySearch.binarySearchImplementation.binarySearch(binarySearchImplementation.java:15)
	at binarySearch.binarySearchImplementation.binarySearch(binarySearchImplementation.java:15)
	at binarySearch.binarySearchImplementation.binarySearch(binarySearchImplementation.java:15)
	at binarySearch.binarySearchImplementation.binarySearch(binarySearchImplementation.java:12)
	at binarySearch.binarySearchImplementation.binarySearch(binarySearchImplementation.java:15)
	at binarySearch.binarySearchImplementation.binarySearch(binarySearchImplementation.java:15)
	at binarySearch.binarySearchImplementation.binarySearch(binarySearchImplementation.java:15)
	at binarySearch.binarySearchImplementation.binarySearch(binarySearchImplementation.java:12)
	at binarySearch.binarySearchImplementation.binarySearch(binarySearchImplementation.java:15)
	at binarySearch.binarySearchImplementation.binarySearch(binarySearchImplementation.java:15)
	at binarySearch.binarySearchImplementation.binarySearch(binarySearchImplementation.java:15)
	at binarySearch.binarySearchImplementation.binarySearch(binarySearchImplementation.java:12)
	at binarySearch.binarySearchImplementation.binarySearch(binarySearchImplementation.java:15)
	at binarySearch.binarySearchImplementation.binarySearch(binarySearchImplementation.java:15)
	at binarySearch.binarySearchImplementation.binarySearch(binarySearchImplementation.java:15)
	at binarySearch.binarySearchImplementation.binarySearch(binarySearchImplementation.java:12)
	at binarySearch.binarySearchImplementation.binarySearch(binarySearchImplementation.java:15)
	at binarySearch.binarySearchImplementation.binarySearch(binarySearchImplementation.java:15)
	at binarySearch.binarySearchImplementation.binarySearch(binarySearchImplementation.java:15)
	at binarySearch.binarySearchImplementation.binarySearch(binarySearchImplementation.java:12)
	at binarySearch.binarySearchImplementation.binarySearch(binarySearchImplementation.java:15)
	at binarySearch.binarySearchImplementation.binarySearch(binarySearchImplementation.java:15)
	at binarySearch.binarySearchImplementation.binarySearch(binarySearchImplementation.java:15)
	at binarySearch.binarySearchImplementation.binarySearch(binarySearchImplementation.java:12)
	at binarySearch.binarySearchImplementation.binarySearch(binarySearchImplementation.java:15)
	at binarySearch.binarySearchImplementation.binarySearch(binarySearchImplementation.java:15)
	at binarySearch.binarySearchImplementation.binarySearch(binarySearchImplementation.java:15)
	at binarySearch.binarySearchImplementation.binarySearch(binarySearchImplementation.java:12)
	at binarySearch.binarySearchImplementation.binarySearch(binarySearchImplementation.java:15)
	at binarySearch.binarySearchImplementation.binarySearch(binarySearchImplementation.java:15)
	at binarySearch.binarySearchImplementation.binarySearch(binarySearchImplementation.java:15)
	at binarySearch.binarySearchImplementation.binarySearch(binarySearchImplementation.java:12)
	at binarySearch.binarySearchImplementation.binarySearch(binarySearchImplementation.java:15)
	at binarySearch.binarySearchImplementation.binarySearch(binarySearchImplementation.java:15)
	at binarySearch.binarySearchImplementation.binarySearch(binarySearchImplementation.java:15)
	at binarySearch.binarySearchImplementation.binarySearch(binarySearchImplementation.java:12)
	at binarySearch.binarySearchImplementation.binarySearch(binarySearchImplementation.java:15)
	at binarySearch.binarySearchImplementation.binarySearch(binarySearchImplementation.java:15)
	at binarySearch.binarySearchImplementation.binarySearch(binarySearchImplementation.java:15)
	at binarySearch.binarySearchImplementation.binarySearch(binarySearchImplementation.java:12)
	at binarySearch.binarySearchImplementation.binarySearch(binarySearchImplementation.java:15)
	at binarySearch.binarySearchImplementation.binarySearch(binarySearchImplementation.java:15)
	at binarySearch.binarySearchImplementation.binarySearch(binarySearchImplementation.java:15)
	at binarySearch.binarySearchImplementation.binarySearch(binarySearchImplementation.java:12)
	at binarySearch.binarySearchImplementation.binarySearch(binarySearchImplementation.java:15)
	at binarySearch.binarySearchImplementation.binarySearch(binarySearchImplementation.java:15)
	at binarySearch.binarySearchImplementation.binarySearch(binarySearchImplementation.java:15)
	at binarySearch.binarySearchImplementation.binarySearch(binarySearchImplementation.java:12)
	at binarySearch.binarySearchImplementation.binarySearch(binarySearchImplementation.java:15)
	at binarySearch.binarySearchImplementation.binarySearch(binarySearchImplementation.java:15)
	at binarySearch.binarySearchImplementation.binarySearch(binarySearchImplementation.java:15)
	at binarySearch.binarySearchImplementation.binarySearch(binarySearchImplementation.java:12)
	at binarySearch.binarySearchImplementation.binarySearch(binarySearchImplementation.java:15)
	at binarySearch.binarySearchImplementation.binarySearch(binarySearchImplementation.java:15)
	at binarySearch.binarySearchImplementation.binarySearch(binarySearchImplementation.java:15)
	at binarySearch.binarySearchImplementation.binarySearch(binarySearchImplementation.java:12)
	at binarySearch.binarySearchImplementation.binarySearch(binarySearchImplementation.java:15)
	at binarySearch.binarySearchImplementation.binarySearch(binarySearchImplementation.java:15)
	at binarySearch.binarySearchImplementation.binarySearch(binarySearchImplementation.java:15)
	at binarySearch.binarySearchImplementation.binarySearch(binarySearchImplementation.java:12)
	at binarySearch.binarySearchImplementation.binarySearch(binarySearchImplementation.java:15)
	at binarySearch.binarySearchImplementation.binarySearch(binarySearchImplementation.java:15)
	at binarySearch.binarySearchImplementation.binarySearch(binarySearchImplementation.java:15)
	at binarySearch.binarySearchImplementation.binarySearch(binarySearchImplementation.java:12)
	at binarySearch.binarySearchImplementation.binarySearch(binarySearchImplementation.java:15)
	at binarySearch.binarySearchImplementation.binarySearch(binarySearchImplementation.java:15)
	at binarySearch.binarySearchImplementation.binarySearch(binarySearchImplementation.java:15)
	at binarySearch.binarySearchImplementation.binarySearch(binarySearchImplementation.java:12)
	at binarySearch.binarySearchImplementation.binarySearch(binarySearchImplementation.java:15)
	at binarySearch.binarySearchImplementation.binarySearch(binarySearchImplementation.java:15)
	at binarySearch.binarySearchImplementation.binarySearch(binarySearchImplementation.java:15)
	at binarySearch.binarySearchImplementation.binarySearch(binarySearchImplementation.java:12)
	at binarySearch.binarySearchImplementation.binarySearch(binarySearchImplementation.java:15)
	at binarySearch.binarySearchImplementation.binarySearch(binarySearchImplementation.java:15)
	at binarySearch.binarySearchImplementation.binarySearch(binarySearchImplementation.java:15)
	at binarySearch.binarySearchImplementation.binarySearch(binarySearchImplementation.java:12)
	at binarySearch.binarySearchImplementation.binarySearch(binarySearchImplementation.java:15)
	at binarySearch.binarySearchImplementation.binarySearch(binarySearchImplementation.java:15)
	at binarySearch.binarySearchImplementation.binarySearch(binarySearchImplementation.java:15)
	at binarySearch.binarySearchImplementation.binarySearch(binarySearchImplementation.java:12)
	at binarySearch.binarySearchImplementation.binarySearch(binarySearchImplementation.java:15)
	at binarySearch.binarySearchImplementation.binarySearch(binarySearchImplementation.java:15)
	at binarySearch.binarySearchImplementation.binarySearch(binarySearchImplementation.java:15)
	at binarySearch.binarySearchImplementation.binarySearch(binarySearchImplementation.java:12)
	at binarySearch.binarySearchImplementation.binarySearch(binarySearchImplementation.java:15)
	at binarySearch.binarySearchImplementation.binarySearch(binarySearchImplementation.java:15)
	at binarySearch.binarySearchImplementation.binarySearch(binarySearchImplementation.java:15)
	at binarySearch.binarySearchImplementation.binarySearch(binarySearchImplementation.java:12)
	at binarySearch.binarySearchImplementation.binarySearch(binarySearchImplementation.java:15)
	at binarySearch.binarySearchImplementation.binarySearch(binarySearchImplementation.java:15)
	at binarySearch.binarySearchImplementation.binarySearch(binarySearchImplementation.java:15)
	at binarySearch.binarySearchImplementation.binarySearch(binarySearchImplementation.java:12)
	at binarySearch.binarySearchImplementation.binarySearch(binarySearchImplementation.java:15)
	at binarySearch.binarySearchImplementation.binarySearch(binarySearchImplementation.java:15)
	at binarySearch.binarySearchImplementation.binarySearch(binarySearchImplementation.java:15)
	at binarySearch.binarySearchImplementation.binarySearch(binarySearchImplementation.java:12)
	at binarySearch.binarySearchImplementation.binarySearch(binarySearchImplementation.java:15)
	at binarySearch.binarySearchImplementation.binarySearch(binarySearchImplementation.java:15)
	at binarySearch.binarySearchImplementation.binarySearch(binarySearchImplementation.java:15)
	at binarySearch.binarySearchImplementation.binarySearch(binarySearchImplementation.java:12)
	at binarySearch.binarySearchImplementation.binarySearch(binarySearchImplementation.java:15)
	at binarySearch.binarySearchImplementation.binarySearch(binarySearchImplementation.java:15)
	at binarySearch.binarySearchImplementation.binarySearch(binarySearchImplementation.java:15)
	at binarySearch.binarySearchImplementation.binarySearch(binarySearchImplementation.java:12)
	at binarySearch.binarySearchImplementation.binarySearch(binarySearchImplementation.java:15)
	at binarySearch.binarySearchImplementation.binarySearch(binarySearchImplementation.java:15)
	at binarySearch.binarySearchImplementation.binarySearch(binarySearchImplementation.java:15)
	at binarySearch.binarySearchImplementation.binarySearch(binarySearchImplementation.java:12)
	at binarySearch.binarySearchImplementation.binarySearch(binarySearchImplementation.java:15)
	at binarySearch.binarySearchImplementation.binarySearch(binarySearchImplementation.java:15)
	at binarySearch.binarySearchImplementation.binarySearch(binarySearchImplementation.java:15)
	at binarySearch.binarySearchImplementation.binarySearch(binarySearchImplementation.java:12)
	at binarySearch.binarySearchImplementation.binarySearch(binarySearchImplementation.java:15)
	at binarySearch.binarySearchImplementation.binarySearch(binarySearchImplementation.java:15)
	at binarySearch.binarySearchImplementation.binarySearch(binarySearchImplementation.java:15)
	at binarySearch.binarySearchImplementation.binarySearch(binarySearchImplementation.java:12)
	at binarySearch.binarySearchImplementation.binarySearch(binarySearchImplementation.java:15)
	at binarySearch.binarySearchImplementation.binarySearch(binarySearchImplementation.java:15)
	at binarySearch.binarySearchImplementation.binarySearch(binarySearchImplementation.java:15)
	at binarySearch.binarySearchImplementation.binarySearch(binarySearchImplementation.java:12)
	at binarySearch.binarySearchImplementation.binarySearch(binarySearchImplementation.java:15)
	at binarySearch.binarySearchImplementation.binarySearch(binarySearchImplementation.java:15)
	at binarySearch.binarySearchImplementation.binarySearch(binarySearchImplementation.java:15)
	at binarySearch.binarySearchImplementation.binarySearch(binarySearchImplementation.java:12)
	at binarySearch.binarySearchImplementation.binarySearch(binarySearchImplementation.java:15)
	at binarySearch.binarySearchImplementation.binarySearch(binarySearchImplementation.java:15)
	at binarySearch.binarySearchImplementation.binarySearch(binarySearchImplementation.java:15)
	at binarySearch.binarySearchImplementation.binarySearch(binarySearchImplementation.java:12)
	at binarySearch.binarySearchImplementation.binarySearch(binarySearchImplementation.java:15)
	at binarySearch.binarySearchImplementation.binarySearch(binarySearchImplementation.java:15)
	at binarySearch.binarySearchImplementation.binarySearch(binarySearchImplementation.java:15)
	at binarySearch.binarySearchImplementation.binarySearch(binarySearchImplementation.java:12)
	at binarySearch.binarySearchImplementation.binarySearch(binarySearchImplementation.java:15)
	at binarySearch.binarySearchImplementation.binarySearch(binarySearchImplementation.java:15)
	at binarySearch.binarySearchImplementation.binarySearch(binarySearchImplementation.java:15)
	at binarySearch.binarySearchImplementation.binarySearch(binarySearchImplementation.java:12)
	at binarySearch.binarySearchImplementation.binarySearch(binarySearchImplementation.java:15)
	at binarySearch.binarySearchImplementation.binarySearch(binarySearchImplementation.java:15)
	at binarySearch.binarySearchImplementation.binarySearch(binarySearchImplementation.java:15)
	at binarySearch.binarySearchImplementation.binarySearch(binarySearchImplementation.java:12)
	at binarySearch.binarySearchImplementation.binarySearch(binarySearchImplementation.java:15)
	at binarySearch.binarySearchImplementation.binarySearch(binarySearchImplementation.java:15)
	at binarySearch.binarySearchImplementation.binarySearch(binarySearchImplementation.java:15)
	at binarySearch.binarySearchImplementation.binarySearch(binarySearchImplementation.java:12)
	at binarySearch.binarySearchImplementation.binarySearch(binarySearchImplementation.java:15)
	at binarySearch.binarySearchImplementation.binarySearch(binarySearchImplementation.java:15)
	at binarySearch.binarySearchImplementation.binarySearch(binarySearchImplementation.java:15)
	at binarySearch.binarySearchImplementation.binarySearch(binarySearchImplementation.java:12)
	at binarySearch.binarySearchImplementation.binarySearch(binarySearchImplementation.java:15)
	at binarySearch.binarySearchImplementation.binarySearch(binarySearchImplementation.java:15)
	at binarySearch.binarySearchImplementation.binarySearch(binarySearchImplementation.java:15)
	at binarySearch.binarySearchImplementation.binarySearch(binarySearchImplementation.java:12)
	at binarySearch.binarySearchImplementation.binarySearch(binarySearchImplementation.java:15)
	at binarySearch.binarySearchImplementation.binarySearch(binarySearchImplementation.java:15)
	at binarySearch.binarySearchImplementation.binarySearch(binarySearchImplementation.java:15)
	at binarySearch.binarySearchImplementation.binarySearch(binarySearchImplementation.java:12)
	at binarySearch.binarySearchImplementation.binarySearch(binarySearchImplementation.java:15)
	at binarySearch.binarySearchImplementation.binarySearch(binarySearchImplementation.java:15)
	at binarySearch.binarySearchImplementation.binarySearch(binarySearchImplementation.java:15)
	at binarySearch.binarySearchImplementation.binarySearch(binarySearchImplementation.java:12)
	at binarySearch.binarySearchImplementation.binarySearch(binarySearchImplementation.java:15)
	at binarySearch.binarySearchImplementation.binarySearch(binarySearchImplementation.java:15)
	at binarySearch.binarySearchImplementation.binarySearch(binarySearchImplementation.java:15)
	at binarySearch.binarySearchImplementation.binarySearch(binarySearchImplementation.java:12)
	at binarySearch.binarySearchImplementation.binarySearch(binarySearchImplementation.java:15)
	at binarySearch.binarySearchImplementation.binarySearch(binarySearchImplementation.java:15)
	at binarySearch.binarySearchImplementation.binarySearch(binarySearchImplementation.java:15)
	at binarySearch.binarySearchImplementation.binarySearch(binarySearchImplementation.java:12)
	at binarySearch.binarySearchImplementation.binarySearch(binarySearchImplementation.java:15)
	at binarySearch.binarySearchImplementation.binarySearch(binarySearchImplementation.java:15)
	at binarySearch.binarySearchImplementation.binarySearch(binarySearchImplementation.java:15)
	at binarySearch.binarySearchImplementation.binarySearch(binarySearchImplementation.java:12)
	at binarySearch.binarySearchImplementation.binarySearch(binarySearchImplementation.java:15)
	at binarySearch.binarySearchImplementation.binarySearch(binarySearchImplementation.java:15)
	at binarySearch.binarySearchImplementation.binarySearch(binarySearchImplementation.java:15)
	at binarySearch.binarySearchImplementation.binarySearch(binarySearchImplementation.java:12)
	at binarySearch.binarySearchImplementation.binarySearch(binarySearchImplementation.java:15)
	at binarySearch.binarySearchImplementation.binarySearch(binarySearchImplementation.java:15)
	at binarySearch.binarySearchImplementation.binarySearch(binarySearchImplementation.java:15)
	at binarySearch.binarySearchImplementation.binarySearch(binarySearchImplementation.java:12)
	at binarySearch.binarySearchImplementation.binarySearch(binarySearchImplementation.java:15)
	at binarySearch.binarySearchImplementation.binarySearch(binarySearchImplementation.java:15)
	at binarySearch.binarySearchImplementation.binarySearch(binarySearchImplementation.java:15)
	at binarySearch.binarySearchImplementation.binarySearch(binarySearchImplementation.java:12)
	at binarySearch.binarySearchImplementation.binarySearch(binarySearchImplementation.java:15)
	at binarySearch.binarySearchImplementation.binarySearch(binarySearchImplementation.java:15)
	at binarySearch.binarySearchImplementation.binarySearch(binarySearchImplementation.java:15)
	at binarySearch.binarySearchImplementation.binarySearch(binarySearchImplementation.java:12)
	at binarySearch.binarySearchImplementation.binarySearch(binarySearchImplementation.java:15)
	at binarySearch.binarySearchImplementation.binarySearch(binarySearchImplementation.java:15)
	at binarySearch.binarySearchImplementation.binarySearch(binarySearchImplementation.java:15)
	at binarySearch.binarySearchImplementation.binarySearch(binarySearchImplementation.java:12)
	at binarySearch.binarySearchImplementation.binarySearch(binarySearchImplementation.java:15)
	at binarySearch.binarySearchImplementation.binarySearch(binarySearchImplementation.java:15)
	at binarySearch.binarySearchImplementation.binarySearch(binarySearchImplementation.java:15)
	at binarySearch.binarySearchImplementation.binarySearch(binarySearchImplementation.java:12)
	at binarySearch.binarySearchImplementation.binarySearch(binarySearchImplementation.java:15)
	at binarySearch.binarySearchImplementation.binarySearch(binarySearchImplementation.java:15)
	at binarySearch.binarySearchImplementation.binarySearch(binarySearchImplementation.java:15)
	at binarySearch.binarySearchImplementation.binarySearch(binarySearchImplementation.java:12)
	at binarySearch.binarySearchImplementation.binarySearch(binarySearchImplementation.java:15)
	at binarySearch.binarySearchImplementation.binarySearch(binarySearchImplementation.java:15)
	at binarySearch.binarySearchImplementation.binarySearch(binarySearchImplementation.java:15)
	at binarySearch.binarySearchImplementation.binarySearch(binarySearchImplementation.java:12)
	at binarySearch.binarySearchImplementation.binarySearch(binarySearchImplementation.java:15)
	at binarySearch.binarySearchImplementation.binarySearch(binarySearchImplementation.java:15)
	at binarySearch.binarySearchImplementation.binarySearch(binarySearchImplementation.java:15)
	at binarySearch.binarySearchImplementation.binarySearch(binarySearchImplementation.java:12)
	at binarySearch.binarySearchImplementation.binarySearch(binarySearchImplementation.java:15)
	at binarySearch.binarySearchImplementation.binarySearch(binarySearchImplementation.java:15)
	at binarySearch.binarySearchImplementation.binarySearch(binarySearchImplementation.java:15)
	at binarySearch.binarySearchImplementation.binarySearch(binarySearchImplementation.java:12)
	at binarySearch.binarySearchImplementation.binarySearch(binarySearchImplementation.java:15)
	at binarySearch.binarySearchImplementation.binarySearch(binarySearchImplementation.java:15)
	at binarySearch.binarySearchImplementation.binarySearch(binarySearchImplementation.java:15)
	at binarySearch.binarySearchImplementation.binarySearch(binarySearchImplementation.java:12)
	at binarySearch.binarySearchImplementation.binarySearch(binarySearchImplementation.java:15)
	at binarySearch.binarySearchImplementation.binarySearch(binarySearchImplementation.java:15)
	at binarySearch.binarySearchImplementation.binarySearch(binarySearchImplementation.java:15)
	at binarySearch.binarySearchImplementation.binarySearch(binarySearchImplementation.java:12)
	at binarySearch.binarySearchImplementation.binarySearch(binarySearchImplementation.java:15)
	at binarySearch.binarySearchImplementation.binarySearch(binarySearchImplementation.java:15)
	at binarySearch.binarySearchImplementation.binarySearch(binarySearchImplementation.java:15)
	at binarySearch.binarySearchImplementation.binarySearch(binarySearchImplementation.java:12)
	at binarySearch.binarySearchImplementation.binarySearch(binarySearchImplementation.java:15)
	at binarySearch.binarySearchImplementation.binarySearch(binarySearchImplementation.java:15)
	at binarySearch.binarySearchImplementation.binarySearch(binarySearchImplementation.java:15)
	at binarySearch.binarySearchImplementation.binarySearch(binarySearchImplementation.java:12)
	at binarySearch.binarySearchImplementation.binarySearch(binarySearchImplementation.java:15)
	at binarySearch.binarySearchImplementation.binarySearch(binarySearchImplementation.java:15)
	at binarySearch.binarySearchImplementation.binarySearch(binarySearchImplementation.java:15)
	at binarySearch.binarySearchImplementation.binarySearch(binarySearchImplementation.java:12)
	at binarySearch.binarySearchImplementation.binarySearch(binarySearchImplementation.java:15)
	at binarySearch.binarySearchImplementation.binarySearch(binarySearchImplementation.java:15)
	at binarySearch.binarySearchImplementation.binarySearch(binarySearchImplementation.java:15)
	at binarySearch.binarySearchImplementation.binarySearch(binarySearchImplementation.java:12)
	at binarySearch.binarySearchImplementation.binarySearch(binarySearchImplementation.java:15)
	at binarySearch.binarySearchImplementation.binarySearch(binarySearchImplementation.java:15)
	at binarySearch.binarySearchImplementation.binarySearch(binarySearchImplementation.java:15)
	at binarySearch.binarySearchImplementation.binarySearch(binarySearchImplementation.java:12)
	at binarySearch.binarySearchImplementation.binarySearch(binarySearchImplementation.java:15)
	at binarySearch.binarySearchImplementation.binarySearch(binarySearchImplementation.java:15)
	at binarySearch.binarySearchImplementation.binarySearch(binarySearchImplementation.java:15)
	at binarySearch.binarySearchImplementation.binarySearch(binarySearchImplementation.java:12)
	at binarySearch.binarySearchImplementation.binarySearch(binarySearchImplementation.java:15)
	at binarySearch.binarySearchImplementation.binarySearch(binarySearchImplementation.java:15)
	at binarySearch.binarySearchImplementation.binarySearch(binarySearchImplementation.java:15)
	at binarySearch.binarySearchImplementation.binarySearch(binarySearchImplementation.java:12)
	at binarySearch.binarySearchImplementation.binarySearch(binarySearchImplementation.java:15)
	at binarySearch.binarySearchImplementation.binarySearch(binarySearchImplementation.java:15)
	at binarySearch.binarySearchImplementation.binarySearch(binarySearchImplementation.java:15)
	at binarySearch.binarySearchImplementation.binarySearch(binarySearchImplementation.java:12)
	at binarySearch.binarySearchImplementation.binarySearch(binarySearchImplementation.java:15)
	at binarySearch.binarySearchImplementation.binarySearch(binarySearchImplementation.java:15)
	at binarySearch.binarySearchImplementation.binarySearch(binarySearchImplementation.java:15)
	at binarySearch.binarySearchImplementation.binarySearch(binarySearchImplementation.java:12)
	at binarySearch.binarySearchImplementation.binarySearch(binarySearchImplementation.java:15)
	at binarySearch.binarySearchImplementation.binarySearch(binarySearchImplementation.java:15)
	at binarySearch.binarySearchImplementation.binarySearch(binarySearchImplementation.java:15)
	at binarySearch.binarySearchImplementation.binarySearch(binarySearchImplementation.java:12)
	at binarySearch.binarySearchImplementation.binarySearch(binarySearchImplementation.java:15)
	at binarySearch.binarySearchImplementation.binarySearch(binarySearchImplementation.java:15)
	at binarySearch.binarySearchImplementation.binarySearch(binarySearchImplementation.java:15)
	at binarySearch.binarySearchImplementation.binarySearch(binarySearchImplementation.java:12)
	at binarySearch.binarySearchImplementation.binarySearch(binarySearchImplementation.java:15)
	at binarySearch.binarySearchImplementation.binarySearch(binarySearchImplementation.java:15)
	at binarySearch.binarySearchImplementation.binarySearch(binarySearchImplementation.java:15)
	at binarySearch.binarySearchImplementation.binarySearch(binarySearchImplementation.java:12)
	at binarySearch.binarySearchImplementation.binarySearch(binarySearchImplementation.java:15)
	at binarySearch.binarySearchImplementation.binarySearch(binarySearchImplementation.java:15)
	at binarySearch.binarySearchImplementation.binarySearch(binarySearchImplementation.java:15)
	at binarySearch.binarySearchImplementation.binarySearch(binarySearchImplementation.java:12)
	at binarySearch.binarySearchImplementation.binarySearch(binarySearchImplementation.java:15)
	at binarySearch.binarySearchImplementation.binarySearch(binarySearchImplementation.java:15)
	at binarySearch.binarySearchImplementation.binarySearch(binarySearchImplementation.java:15)
	at binarySearch.binarySearchImplementation.binarySearch(binarySearchImplementation.java:12)
	at binarySearch.binarySearchImplementation.binarySearch(binarySearchImplementation.java:15)
	at binarySearch.binarySearchImplementation.binarySearch(binarySearchImplementation.java:15)
	at binarySearch.binarySearchImplementation.binarySearch(binarySearchImplementation.java:15)
	at binarySearch.binarySearchImplementation.binarySearch(binarySearchImplementation.java:12)
	at binarySearch.binarySearchImplementation.binarySearch(binarySearchImplementation.java:15)
	at binarySearch.binarySearchImplementation.binarySearch(binarySearchImplementation.java:15)
	at binarySearch.binarySearchImplementation.binarySearch(binarySearchImplementation.java:15)
	at binarySearch.binarySearchImplementation.binarySearch(binarySearchImplementation.java:12)
	at binarySearch.binarySearchImplementation.binarySearch(binarySearchImplementation.java:15)
	at binarySearch.binarySearchImplementation.binarySearch(binarySearchImplementation.java:15)
	at binarySearch.binarySearchImplementation.binarySearch(binarySearchImplementation.java:15)
	at binarySearch.binarySearchImplementation.binarySearch(binarySearchImplementation.java:12)
	at binarySearch.binarySearchImplementation.binarySearch(binarySearchImplementation.java:15)
	at binarySearch.binarySearchImplementation.binarySearch(binarySearchImplementation.java:15)
	at binarySearch.binarySearchImplementation.binarySearch(binarySearchImplementation.java:15)
	at binarySearch.binarySearchImplementation.binarySearch(binarySearchImplementation.java:12)
	at binarySearch.binarySearchImplementation.binarySearch(binarySearchImplementation.java:15)
	at binarySearch.binarySearchImplementation.binarySearch(binarySearchImplementation.java:15)
	at binarySearch.binarySearchImplementation.binarySearch(binarySearchImplementation.java:15)
	at binarySearch.binarySearchImplementation.binarySearch(binarySearchImplementation.java:12)
	at binarySearch.binarySearchImplementation.binarySearch(binarySearchImplementation.java:15)
	at binarySearch.binarySearchImplementation.binarySearch(binarySearchImplementation.java:15)
	at binarySearch.binarySearchImplementation.binarySearch(binarySearchImplementation.java:15)
	at binarySearch.binarySearchImplementation.binarySearch(binarySearchImplementation.java:12)
	at binarySearch.binarySearchImplementation.binarySearch(binarySearchImplementation.java:15)
	at binarySearch.binarySearchImplementation.binarySearch(binarySearchImplementation.java:15)
	at binarySearch.binarySearchImplementation.binarySearch(binarySearchImplementation.java:15)
	at binarySearch.binarySearchImplementation.binarySearch(binarySearchImplementation.java:12)
	at binarySearch.binarySearchImplementation.binarySearch(binarySearchImplementation.java:15)
	at binarySearch.binarySearchImplementation.binarySearch(binarySearchImplementation.java:15)
	at binarySearch.binarySearchImplementation.binarySearch(binarySearchImplementation.java:15)
	at binarySearch.binarySearchImplementation.binarySearch(binarySearchImplementation.java:12)
	at binarySearch.binarySearchImplementation.binarySearch(binarySearchImplementation.java:15)
	at binarySearch.binarySearchImplementation.binarySearch(binarySearchImplementation.java:15)
	at binarySearch.binarySearchImplementation.binarySearch(binarySearchImplementation.java:15)
	at binarySearch.binarySearchImplementation.binarySearch(binarySearchImplementation.java:12)
	at binarySearch.binarySearchImplementation.binarySearch(binarySearchImplementation.java:15)
	at binarySearch.binarySearchImplementation.binarySearch(binarySearchImplementation.java:15)
	at binarySearch.binarySearchImplementation.binarySearch(binarySearchImplementation.java:15)
	at binarySearch.binarySearchImplementation.binarySearch(binarySearchImplementation.java:12)
	at binarySearch.binarySearchImplementation.binarySearch(binarySearchImplementation.java:15)
	at binarySearch.binarySearchImplementation.binarySearch(binarySearchImplementation.java:15)
	at binarySearch.binarySearchImplementation.binarySearch(binarySearchImplementation.java:15)
	at binarySearch.binarySearchImplementation.binarySearch(binarySearchImplementation.java:12)
	at binarySearch.binarySearchImplementation.binarySearch(binarySearchImplementation.java:15)
	at binarySearch.binarySearchImplementation.binarySearch(binarySearchImplementation.java:15)
	at binarySearch.binarySearchImplementation.binarySearch(binarySearchImplementation.java:15)
	at binarySearch.binarySearchImplementation.binarySearch(binarySearchImplementation.java:12)
	at binarySearch.binarySearchImplementation.binarySearch(binarySearchImplementation.java:15)
	at binarySearch.binarySearchImplementation.binarySearch(binarySearchImplementation.java:15)
	at binarySearch.binarySearchImplementation.binarySearch(binarySearchImplementation.java:15)
	at binarySearch.binarySearchImplementation.binarySearch(binarySearchImplementation.java:12)
	at binarySearch.binarySearchImplementation.binarySearch(binarySearchImplementation.java:15)
	at binarySearch.binarySearchImplementation.binarySearch(binarySearchImplementation.java:15)
	at binarySearch.binarySearchImplementation.binarySearch(binarySearchImplementation.java:15)
	at binarySearch.binarySearchImplementation.binarySearch(binarySearchImplementation.java:12)
	at binarySearch.binarySearchImplementation.binarySearch(binarySearchImplementation.java:15)
	at binarySearch.binarySearchImplementation.binarySearch(binarySearchImplementation.java:15)
	at binarySearch.binarySearchImplementation.binarySearch(binarySearchImplementation.java:15)
	at binarySearch.binarySearchImplementation.binarySearch(binarySearchImplementation.java:12)
	at binarySearch.binarySearchImplementation.binarySearch(binarySearchImplementation.java:15)
	at binarySearch.binarySearchImplementation.binarySearch(binarySearchImplementation.java:15)
	at binarySearch.binarySearchImplementation.binarySearch(binarySearchImplementation.java:15)
	at binarySearch.binarySearchImplementation.binarySearch(binarySearchImplementation.java:12)
	at binarySearch.binarySearchImplementation.binarySearch(binarySearchImplementation.java:15)
	at binarySearch.binarySearchImplementation.binarySearch(binarySearchImplementation.java:15)
	at binarySearch.binarySearchImplementation.binarySearch(binarySearchImplementation.java:15)
	at binarySearch.binarySearchImplementation.binarySearch(binarySearchImplementation.java:12)
	at binarySearch.binarySearchImplementation.binarySearch(binarySearchImplementation.java:15)
	at binarySearch.binarySearchImplementation.binarySearch(binarySearchImplementation.java:15)
	at binarySearch.binarySearchImplementation.binarySearch(binarySearchImplementation.java:15)
	at binarySearch.binarySearchImplementation.binarySearch(binarySearchImplementation.java:12)
	at binarySearch.binarySearchImplementation.binarySearch(binarySearchImplementation.java:15)
	at binarySearch.binarySearchImplementation.binarySearch(binarySearchImplementation.java:15)
	at binarySearch.binarySearchImplementation.binarySearch(binarySearchImplementation.java:15)
	at binarySearch.binarySearchImplementation.binarySearch(binarySearchImplementation.java:12)
	at binarySearch.binarySearchImplementation.binarySearch(binarySearchImplementation.java:15)
	at binarySearch.binarySearchImplementation.binarySearch(binarySearchImplementation.java:15)
	at binarySearch.binarySearchImplementation.binarySearch(binarySearchImplementation.java:15)
	at binarySearch.binarySearchImplementation.binarySearch(binarySearchImplementation.java:12)
	at binarySearch.binarySearchImplementation.binarySearch(binarySearchImplementation.java:15)
	at binarySearch.binarySearchImplementation.binarySearch(binarySearchImplementation.java:15)
	at binarySearch.binarySearchImplementation.binarySearch(binarySearchImplementation.java:15)
	at binarySearch.binarySearchImplementation.binarySearch(binarySearchImplementation.java:12)
	at binarySearch.binarySearchImplementation.binarySearch(binarySearchImplementation.java:15)
	at binarySearch.binarySearchImplementation.binarySearch(binarySearchImplementation.java:15)
	at binarySearch.binarySearchImplementation.binarySearch(binarySearchImplementation.java:15)
	at binarySearch.binarySearchImplementation.binarySearch(binarySearchImplementation.java:12)
	at binarySearch.binarySearchImplementation.binarySearch(binarySearchImplementation.java:15)
	at binarySearch.binarySearchImplementation.binarySearch(binarySearchImplementation.java:15)
	at binarySearch.binarySearchImplementation.binarySearch(binarySearchImplementation.java:15)
	at binarySearch.binarySearchImplementation.binarySearch(binarySearchImplementation.java:12)
	at binarySearch.binarySearchImplementation.binarySearch(binarySearchImplementation.java:15)
	at binarySearch.binarySearchImplementation.binarySearch(binarySearchImplementation.java:15)
	at binarySearch.binarySearchImplementation.binarySearch(binarySearchImplementation.java:15)
	at binarySearch.binarySearchImplementation.binarySearch(binarySearchImplementation.java:12)
	at binarySearch.binarySearchImplementation.binarySearch(binarySearchImplementation.java:15)
	at binarySearch.binarySearchImplementation.binarySearch(binarySearchImplementation.java:15)
	at binarySearch.binarySearchImplementation.binarySearch(binarySearchImplementation.java:15)
	at binarySearch.binarySearchImplementation.binarySearch(binarySearchImplementation.java:12)
	at binarySearch.binarySearchImplementation.binarySearch(binarySearchImplementation.java:15)
	at binarySearch.binarySearchImplementation.binarySearch(binarySearchImplementation.java:15)
	at binarySearch.binarySearchImplementation.binarySearch(binarySearchImplementation.java:15)
	at binarySearch.binarySearchImplementation.binarySearch(binarySearchImplementation.java:12)
	at binarySearch.binarySearchImplementation.binarySearch(binarySearchImplementation.java:15)
	at binarySearch.binarySearchImplementation.binarySearch(binarySearchImplementation.java:15)
	at binarySearch.binarySearchImplementation.binarySearch(binarySearchImplementation.java:15)
	at binarySearch.binarySearchImplementation.binarySearch(binarySearchImplementation.java:12)
	at binarySearch.binarySearchImplementation.binarySearch(binarySearchImplementation.java:15)
	at binarySearch.binarySearchImplementation.binarySearch(binarySearchImplementation.java:15)
	at binarySearch.binarySearchImplementation.binarySearch(binarySearchImplementation.java:15)
	at binarySearch.binarySearchImplementation.binarySearch(binarySearchImplementation.java:12)
	at binarySearch.binarySearchImplementation.binarySearch(binarySearchImplementation.java:15)
	at binarySearch.binarySearchImplementation.binarySearch(binarySearchImplementation.java:15)
	at binarySearch.binarySearchImplementation.binarySearch(binarySearchImplementation.java:15)
	at binarySearch.binarySearchImplementation.binarySearch(binarySearchImplementation.java:12)
	at binarySearch.binarySearchImplementation.binarySearch(binarySearchImplementation.java:15)
	at binarySearch.binarySearchImplementation.binarySearch(binarySearchImplementation.java:15)
	at binarySearch.binarySearchImplementation.binarySearch(binarySearchImplementation.java:15)
	at binarySearch.binarySearchImplementation.binarySearch(binarySearchImplementation.java:12)
	at binarySearch.binarySearchImplementation.binarySearch(binarySearchImplementation.java:15)
	at binarySearch.binarySearchImplementation.binarySearch(binarySearchImplementation.java:15)
	at binarySearch.binarySearchImplementation.binarySearch(binarySearchImplementation.java:15)
	at binarySearch.binarySearchImplementation.binarySearch(binarySearchImplementation.java:12)
	at binarySearch.binarySearchImplementation.binarySearch(binarySearchImplementation.java:15)
	at binarySearch.binarySearchImplementation.binarySearch(binarySearchImplementation.java:15)
	at binarySearch.binarySearchImplementation.binarySearch(binarySearchImplementation.java:15)
	at binarySearch.binarySearchImplementation.binarySearch(binarySearchImplementation.java:12)
	at binarySearch.binarySearchImplementation.binarySearch(binarySearchImplementation.java:15)
	at binarySearch.binarySearchImplementation.binarySearch(binarySearchImplementation.java:15)
	at binarySearch.binarySearchImplementation.binarySearch(binarySearchImplementation.java:15)
	at binarySearch.binarySearchImplementation.binarySearch(binarySearchImplementation.java:12)
	at binarySearch.binarySearchImplementation.binarySearch(binarySearchImplementation.java:15)
	at binarySearch.binarySearchImplementation.binarySearch(binarySearchImplementation.java:15)
	at binarySearch.binarySearchImplementation.binarySearch(binarySearchImplementation.java:15)
	at binarySearch.binarySearchImplementation.binarySearch(binarySearchImplementation.java:12)
	at binarySearch.binarySearchImplementation.binarySearch(binarySearchImplementation.java:15)
	at binarySearch.binarySearchImplementation.binarySearch(binarySearchImplementation.java:15)
	at binarySearch.binarySearchImplementation.binarySearch(binarySearchImplementation.java:15)
	at binarySearch.binarySearchImplementation.binarySearch(binarySearchImplementation.java:12)
	at binarySearch.binarySearchImplementation.binarySearch(binarySearchImplementation.java:15)
	at binarySearch.binarySearchImplementation.binarySearch(binarySearchImplementation.java:15)
	at binarySearch.binarySearchImplementation.binarySearch(binarySearchImplementation.java:15)
	at binarySearch.binarySearchImplementation.binarySearch(binarySearchImplementation.java:12)
	at binarySearch.binarySearchImplementation.binarySearch(binarySearchImplementation.java:15)
	at binarySearch.binarySearchImplementation.binarySearch(binarySearchImplementation.java:15)
	at binarySearch.binarySearchImplementation.binarySearch(binarySearchImplementation.java:15)
	at binarySearch.binarySearchImplementation.binarySearch(binarySearchImplementation.java:12)
	at binarySearch.binarySearchImplementation.binarySearch(binarySearchImplementation.java:15)
	at binarySearch.binarySearchImplementation.binarySearch(binarySearchImplementation.java:15)
	at binarySearch.binarySearchImplementation.binarySearch(binarySearchImplementation.java:15)
	at binarySearch.binarySearchImplementation.binarySearch(binarySearchImplementation.java:12)
	at binarySearch.binarySearchImplementation.binarySearch(binarySearchImplementation.java:15)
	at binarySearch.binarySearchImplementation.binarySearch(binarySearchImplementation.java:15)
	at binarySearch.binarySearchImplementation.binarySearch(binarySearchImplementation.java:15)
	at binarySearch.binarySearchImplementation.binarySearch(binarySearchImplementation.java:12)
	at binarySearch.binarySearchImplementation.binarySearch(binarySearchImplementation.java:15)
	at binarySearch.binarySearchImplementation.binarySearch(binarySearchImplementation.java:15)
	at binarySearch.binarySearchImplementation.binarySearch(binarySearchImplementation.java:15)
	at binarySearch.binarySearchImplementation.binarySearch(binarySearchImplementation.java:12)
	at binarySearch.binarySearchImplementation.binarySearch(binarySearchImplementation.java:15)
	at binarySearch.binarySearchImplementation.binarySearch(binarySearchImplementation.java:15)
	at binarySearch.binarySearchImplementation.binarySearch(binarySearchImplementation.java:15)
	at binarySearch.binarySearchImplementation.binarySearch(binarySearchImplementation.java:12)
	at binarySearch.binarySearchImplementation.binarySearch(binarySearchImplementation.java:15)
	at binarySearch.binarySearchImplementation.binarySearch(binarySearchImplementation.java:15)
	at binarySearch.binarySearchImplementation.binarySearch(binarySearchImplementation.java:15)
	at binarySearch.binarySearchImplementation.binarySearch(binarySearchImplementation.java:12)
	at binarySearch.binarySearchImplementation.binarySearch(binarySearchImplementation.java:15)
	at binarySearch.binarySearchImplementation.binarySearch(binarySearchImplementation.java:15)
	at binarySearch.binarySearchImplementation.binarySearch(binarySearchImplementation.java:15)
	at binarySearch.binarySearchImplementation.binarySearch(binarySearchImplementation.java:12)
	at binarySearch.binarySearchImplementation.binarySearch(binarySearchImplementation.java:15)
	at binarySearch.binarySearchImplementation.binarySearch(binarySearchImplementation.java:15)
	at binarySearch.binarySearchImplementation.binarySearch(binarySearchImplementation.java:15)
	at binarySearch.binarySearchImplementation.binarySearch(binarySearchImplementation.java:12)
	at binarySearch.binarySearchImplementation.binarySearch(binarySearchImplementation.java:15)
	at binarySearch.binarySearchImplementation.binarySearch(binarySearchImplementation.java:15)
	at binarySearch.binarySearchImplementation.binarySearch(binarySearchImplementation.java:15)
	at binarySearch.binarySearchImplementation.binarySearch(binarySearchImplementation.java:12)
	at binarySearch.binarySearchImplementation.binarySearch(binarySearchImplementation.java:15)
	at binarySearch.binarySearchImplementation.binarySearch(binarySearchImplementation.java:15)
	at binarySearch.binarySearchImplementation.binarySearch(binarySearchImplementation.java:15)
	at binarySearch.binarySearchImplementation.binarySearch(binarySearchImplementation.java:12)
	at binarySearch.binarySearchImplementation.binarySearch(binarySearchImplementation.java:15)
	at binarySearch.binarySearchImplementation.binarySearch(binarySearchImplementation.java:15)
	at binarySearch.binarySearchImplementation.binarySearch(binarySearchImplementation.java:15)
	at binarySearch.binarySearchImplementation.binarySearch(binarySearchImplementation.java:12)
	at binarySearch.binarySearchImplementation.binarySearch(binarySearchImplementation.java:15)
	at binarySearch.binarySearchImplementation.binarySearch(binarySearchImplementation.java:15)
	at binarySearch.binarySearchImplementation.binarySearch(binarySearchImplementation.java:15)
	at binarySearch.binarySearchImplementation.binarySearch(binarySearchImplementation.java:12)
	at binarySearch.binarySearchImplementation.binarySearch(binarySearchImplementation.java:15)
	at binarySearch.binarySearchImplementation.binarySearch(binarySearchImplementation.java:15)
	at binarySearch.binarySearchImplementation.binarySearch(binarySearchImplementation.java:15)
	at binarySearch.binarySearchImplementation.binarySearch(binarySearchImplementation.java:12)
	at binarySearch.binarySearchImplementation.binarySearch(binarySearchImplementation.java:15)
	at binarySearch.binarySearchImplementation.binarySearch(binarySearchImplementation.java:15)
	at binarySearch.binarySearchImplementation.binarySearch(binarySearchImplementation.java:15)
	at binarySearch.binarySearchImplementation.binarySearch(binarySearchImplementation.java:12)
	at binarySearch.binarySearchImplementation.binarySearch(binarySearchImplementation.java:15)
	at binarySearch.binarySearchImplementation.binarySearch(binarySearchImplementation.java:15)
	at binarySearch.binarySearchImplementation.binarySearch(binarySearchImplementation.java:15)
	at binarySearch.binarySearchImplementation.binarySearch(binarySearchImplementation.java:12)
	at binarySearch.binarySearchImplementation.binarySearch(binarySearchImplementation.java:15)
	at binarySearch.binarySearchImplementation.binarySearch(binarySearchImplementation.java:15)
	at binarySearch.binarySearchImplementation.binarySearch(binarySearchImplementation.java:15)
	at binarySearch.binarySearchImplementation.binarySearch(binarySearchImplementation.java:12)
	at binarySearch.binarySearchImplementation.binarySearch(binarySearchImplementation.java:15)
	at binarySearch.binarySearchImplementation.binarySearch(binarySearchImplementation.java:15)
	at binarySearch.binarySearchImplementation.binarySearch(binarySearchImplementation.java:15)
	at binarySearch.binarySearchImplementation.binarySearch(binarySearchImplementation.java:12)
	at binarySearch.binarySearchImplementation.binarySearch(binarySearchImplementation.java:15)
	at binarySearch.binarySearchImplementation.binarySearch(binarySearchImplementation.java:15)
	at binarySearch.binarySearchImplementation.binarySearch(binarySearchImplementation.java:15)
	at binarySearch.binarySearchImplementation.binarySearch(binarySearchImplementation.java:12)
	at binarySearch.binarySearchImplementation.binarySearch(binarySearchImplementation.java:15)
	at binarySearch.binarySearchImplementation.binarySearch(binarySearchImplementation.java:15)
	at binarySearch.binarySearchImplementation.binarySearch(binarySearchImplementation.java:15)
	at binarySearch.binarySearchImplementation.binarySearch(binarySearchImplementation.java:12)
	at binarySearch.binarySearchImplementation.binarySearch(binarySearchImplementation.java:15)
	at binarySearch.binarySearchImplementation.binarySearch(binarySearchImplementation.java:15)
	at binarySearch.binarySearchImplementation.binarySearch(binarySearchImplementation.java:15)
	at binarySearch.binarySearchImplementation.binarySearch(binarySearchImplementation.java:12)
	at binarySearch.binarySearchImplementation.binarySearch(binarySearchImplementation.java:15)
	at binarySearch.binarySearchImplementation.binarySearch(binarySearchImplementation.java:15)
	at binarySearch.binarySearchImplementation.binarySearch(binarySearchImplementation.java:15)
	at binarySearch.binarySearchImplementation.binarySearch(binarySearchImplementation.java:12)
	at binarySearch.binarySearchImplementation.binarySearch(binarySearchImplementation.java:15)
	at binarySearch.binarySearchImplementation.binarySearch(binarySearchImplementation.java:15)
	at binarySearch.binarySearchImplementation.binarySearch(binarySearchImplementation.java:15)
	at binarySearch.binarySearchImplementation.binarySearch(binarySearchImplementation.java:12)
	at binarySearch.binarySearchImplementation.binarySearch(binarySearchImplementation.java:15)
	at binarySearch.binarySearchImplementation.binarySearch(binarySearchImplementation.java:15)
	at binarySearch.binarySearchImplementation.binarySearch(binarySearchImplementation.java:15)
	at binarySearch.binarySearchImplementation.binarySearch(binarySearchImplementation.java:12)
	at binarySearch.binarySearchImplementation.binarySearch(binarySearchImplementation.java:15)
	at binarySearch.binarySearchImplementation.binarySearch(binarySearchImplementation.java:15)
	at binarySearch.binarySearchImplementation.binarySearch(binarySearchImplementation.java:15)
	at binarySearch.binarySearchImplementation.binarySearch(binarySearchImplementation.java:12)
	at binarySearch.binarySearchImplementation.binarySearch(binarySearchImplementation.java:15)
	at binarySearch.binarySearchImplementation.binarySearch(binarySearchImplementation.java:15)
	at binarySearch.binarySearchImplementation.binarySearch(binarySearchImplementation.java:15)
	at binarySearch.binarySearchImplementation.binarySearch(binarySearchImplementation.java:12)
	at binarySearch.binarySearchImplementation.binarySearch(binarySearchImplementation.java:15)
	at binarySearch.binarySearchImplementation.binarySearch(binarySearchImplementation.java:15)
	at binarySearch.binarySearchImplementation.binarySearch(binarySearchImplementation.java:15)
	at binarySearch.binarySearchImplementation.binarySearch(binarySearchImplementation.java:12)
	at binarySearch.binarySearchImplementation.binarySearch(binarySearchImplementation.java:15)
	at binarySearch.binarySearchImplementation.binarySearch(binarySearchImplementation.java:15)
	at binarySearch.binarySearchImplementation.binarySearch(binarySearchImplementation.java:15)
	at binarySearch.binarySearchImplementation.binarySearch(binarySearchImplementation.java:12)
	at binarySearch.binarySearchImplementation.binarySearch(binarySearchImplementation.java:15)
	at binarySearch.binarySearchImplementation.binarySearch(binarySearchImplementation.java:15)
	at binarySearch.binarySearchImplementation.binarySearch(binarySearchImplementation.java:15)
	at binarySearch.binarySearchImplementation.binarySearch(binarySearchImplementation.java:12)
	at binarySearch.binarySearchImplementation.binarySearch(binarySearchImplementation.java:15)
	at binarySearch.binarySearchImplementation.binarySearch(binarySearchImplementation.java:15)
	at binarySearch.binarySearchImplementation.binarySearch(binarySearchImplementation.java:15)
	at binarySearch.binarySearchImplementation.binarySearch(binarySearchImplementation.java:12)
	at binarySearch.binarySearchImplementation.binarySearch(binarySearchImplementation.java:15)
	at binarySearch.binarySearchImplementation.binarySearch(binarySearchImplementation.java:15)
	at binarySearch.binarySearchImplementation.binarySearch(binarySearchImplementation.java:15)
	at binarySearch.binarySearchImplementation.binarySearch(binarySearchImplementation.java:12)
	at binarySearch.binarySearchImplementation.binarySearch(binarySearchImplementation.java:15)
	at binarySearch.binarySearchImplementation.binarySearch(binarySearchImplementation.java:15)
	at binarySearch.binarySearchImplementation.binarySearch(binarySearchImplementation.java:15)
	at binarySearch.binarySearchImplementation.binarySearch(binarySearchImplementation.java:12)
	at binarySearch.binarySearchImplementation.binarySearch(binarySearchImplementation.java:15)
	at binarySearch.binarySearchImplementation.binarySearch(binarySearchImplementation.java:15)
	at binarySearch.binarySearchImplementation.binarySearch(binarySearchImplementation.java:15)
	at binarySearch.binarySearchImplementation.binarySearch(binarySearchImplementation.java:12)
	at binarySearch.binarySearchImplementation.binarySearch(binarySearchImplementation.java:15)
	at binarySearch.binarySearchImplementation.binarySearch(binarySearchImplementation.java:15)
	at binarySearch.binarySearchImplementation.binarySearch(binarySearchImplementation.java:15)
	at binarySearch.binarySearchImplementation.binarySearch(binarySearchImplementation.java:12)
	at binarySearch.binarySearchImplementation.binarySearch(binarySearchImplementation.java:15)
	at binarySearch.binarySearchImplementation.binarySearch(binarySearchImplementation.java:15)
	at binarySearch.binarySearchImplementation.binarySearch(binarySearchImplementation.java:15)
	at binarySearch.binarySearchImplementation.binarySearch(binarySearchImplementation.java:12)
	at binarySearch.binarySearchImplementation.binarySearch(binarySearchImplementation.java:15)
	at binarySearch.binarySearchImplementation.binarySearch(binarySearchImplementation.java:15)
	at binarySearch.binarySearchImplementation.binarySearch(binarySearchImplementation.java:15)
	at binarySearch.binarySearchImplementation.binarySearch(binarySearchImplementation.java:12)
	at binarySearch.binarySearchImplementation.binarySearch(binarySearchImplementation.java:15)
	at binarySearch.binarySearchImplementation.binarySearch(binarySearchImplementation.java:15)
	at binarySearch.binarySearchImplementation.binarySearch(binarySearchImplementation.java:15)
	at binarySearch.binarySearchImplementation.binarySearch(binarySearchImplementation.java:12)
	at binarySearch.binarySearchImplementation.binarySearch(binarySearchImplementation.java:15)
	at binarySearch.binarySearchImplementation.binarySearch(binarySearchImplementation.java:15)
	at binarySearch.binarySearchImplementation.binarySearch(binarySearchImplementation.java:15)
	at binarySearch.binarySearchImplementation.binarySearch(binarySearchImplementation.java:12)
	at binarySearch.binarySearchImplementation.binarySearch(binarySearchImplementation.java:15)
	at binarySearch.binarySearchImplementation.binarySearch(binarySearchImplementation.java:15)
	at binarySearch.binarySearchImplementation.binarySearch(binarySearchImplementation.java:15)
	at binarySearch.binarySearchImplementation.binarySearch(binarySearchImplementation.java:12)
	at binarySearch.binarySearchImplementation.binarySearch(binarySearchImplementation.java:15)
	at binarySearch.binarySearchImplementation.binarySearch(binarySearchImplementation.java:15)
	at binarySearch.binarySearchImplementation.binarySearch(binarySearchImplementation.java:15)
	at binarySearch.binarySearchImplementation.binarySearch(binarySearchImplementation.java:12)
	at binarySearch.binarySearchImplementation.binarySearch(binarySearchImplementation.java:15)
	at binarySearch.binarySearchImplementation.binarySearch(binarySearchImplementation.java:15)
	at binarySearch.binarySearchImplementation.binarySearch(binarySearchImplementation.java:15)
	at binarySearch.binarySearchImplementation.binarySearch(binarySearchImplementation.java:12)
	at binarySearch.binarySearchImplementation.binarySearch(binarySearchImplementation.java:15)
	at binarySearch.binarySearchImplementation.binarySearch(binarySearchImplementation.java:15)
	at binarySearch.binarySearchImplementation.binarySearch(binarySearchImplementation.java:15)
	at binarySearch.binarySearchImplementation.binarySearch(binarySearchImplementation.java:12)
	at binarySearch.binarySearchImplementation.binarySearch(binarySearchImplementation.java:15)
	at binarySearch.binarySearchImplementation.binarySearch(binarySearchImplementation.java:15)
	at binarySearch.binarySearchImplementation.binarySearch(binarySearchImplementation.java:15)
	at binarySearch.binarySearchImplementation.binarySearch(binarySearchImplementation.java:12)
	at binarySearch.binarySearchImplementation.binarySearch(binarySearchImplementation.java:15)
	at binarySearch.binarySearchImplementation.binarySearch(binarySearchImplementation.java:15)
	at binarySearch.binarySearchImplementation.binarySearch(binarySearchImplementation.java:15)
	at binarySearch.binarySearchImplementation.binarySearch(binarySearchImplementation.java:12)
	at binarySearch.binarySearchImplementation.binarySearch(binarySearchImplementation.java:15)
	at binarySearch.binarySearchImplementation.binarySearch(binarySearchImplementation.java:15)
	at binarySearch.binarySearchImplementation.binarySearch(binarySearchImplementation.java:15)
	at binarySearch.binarySearchImplementation.binarySearch(binarySearchImplementation.java:12)
	at binarySearch.binarySearchImplementation.binarySearch(binarySearchImplementation.java:15)
	at binarySearch.binarySearchImplementation.binarySearch(binarySearchImplementation.java:15)
	at binarySearch.binarySearchImplementation.binarySearch(binarySearchImplementation.java:15)
	at binarySearch.binarySearchImplementation.binarySearch(binarySearchImplementation.java:12)
	at binarySearch.binarySearchImplementation.binarySearch(binarySearchImplementation.java:15)
	at binarySearch.binarySearchImplementation.binarySearch(binarySearchImplementation.java:15)
	at binarySearch.binarySearchImplementation.binarySearch(binarySearchImplementation.java:15)
	at binarySearch.binarySearchImplementation.binarySearch(binarySearchImplementation.java:12)
]]>
    </failure>
  </testcase> <!-- binarySearchTester -->
</testsuite> <!-- sortTests.SearchTester -->
