<?xml version="1.0" encoding="UTF-8"?>
<!-- Generated by org.testng.reporters.JUnitReportReporter -->
<testsuite hostname="MALOOTYPC" name="practiceTests.MergeMeetingsTest" tests="3" failures="0" timestamp="19 Nov 2019 19:48:47 GMT" time="0.063" errors="0">
  <testcase name="mergeMeetingRangeNegativeTest_1" time="0.032" classname="practiceTests.MergeMeetingsTest"/>
  <testcase name="mergeMeetingRangeTest_2" time="0.012" classname="practiceTests.MergeMeetingsTest"/>
  <testcase name="mergeMeetingRangeTest_1" time="0.019" classname="practiceTests.MergeMeetingsTest"/>
</testsuite> <!-- practiceTests.MergeMeetingsTest -->
