<?xml version="1.0" encoding="UTF-8"?>
<!-- Generated by org.testng.reporters.JUnitReportReporter -->
<testsuite hostname="MALOOTYPC" name="practiceTests.MaxAreaTest" tests="2" failures="0" timestamp="18 Dec 2019 22:01:40 GMT" time="0.043" errors="0">
  <testcase name="maxAreaTest_1" time="0.037" classname="practiceTests.MaxAreaTest"/>
  <testcase name="maxAreaTest_2" time="0.006" classname="practiceTests.MaxAreaTest"/>
</testsuite> <!-- practiceTests.MaxAreaTest -->
