<?xml version="1.0" encoding="UTF-8"?>
<!-- Generated by org.testng.reporters.JUnitReportReporter -->
<testsuite hostname="MALOOTYPC" name="practiceTests.BinaryTreeCheckerTest" tests="1" failures="0" timestamp="12 Dec 2019 23:25:04 GMT" time="0.032" errors="0">
  <testcase name="isBinaryTree_Test1" time="0.032" classname="practiceTests.BinaryTreeCheckerTest"/>
</testsuite> <!-- practiceTests.BinaryTreeCheckerTest -->
