<?xml version="1.0" encoding="UTF-8"?>
<!-- Generated by org.testng.reporters.JUnitReportReporter -->
<testsuite hostname="MALOOTYPC" name="practiceTests.TestNGTester" tests="5" failures="0" timestamp="6 Nov 2019 03:14:37 GMT" time="0.040" errors="0">
  <testcase name="tester3" time="0.002" classname="practiceTests.TestNGTester"/>
  <testcase name="tester4" time="0.003" classname="practiceTests.TestNGTester"/>
  <testcase name="tester1" time="0.006" classname="practiceTests.TestNGTester"/>
  <testcase name="Atester5" time="0.026" classname="practiceTests.TestNGTester"/>
  <testcase name="tester2" time="0.003" classname="practiceTests.TestNGTester"/>
</testsuite> <!-- practiceTests.TestNGTester -->
