<?xml version="1.0" encoding="UTF-8"?>
<!-- Generated by org.testng.reporters.JUnitReportReporter -->
<testsuite hostname="MALOOTYPC" name="practiceTests.SecondLargestBTTest" tests="2" failures="0" timestamp="13 Dec 2019 21:29:22 GMT" time="0.033" errors="0">
  <testcase name="secondLargestBT_Test1" time="0.029" classname="practiceTests.SecondLargestBTTest"/>
  <testcase name="secondLargestBT_Test4" time="0.004" classname="practiceTests.SecondLargestBTTest"/>
</testsuite> <!-- practiceTests.SecondLargestBTTest -->
