<?xml version="1.0" encoding="UTF-8"?>
<!-- Generated by org.testng.reporters.JUnitReportReporter -->
<testsuite hostname="MALOOTYPC" name="practiceTests.GraphColorTests" tests="2" failures="0" timestamp="18 Dec 2019 22:01:52 GMT" time="0.030" errors="0">
  <testcase name="colorGraphNode_Test1" time="0.026" classname="practiceTests.GraphColorTests"/>
  <testcase name="colorGraphNode_Test2" time="0.004" classname="practiceTests.GraphColorTests"/>
</testsuite> <!-- practiceTests.GraphColorTests -->
