<?xml version="1.0" encoding="UTF-8"?>
<!-- Generated by org.testng.reporters.JUnitReportReporter -->
<testsuite hostname="MALOOTYPC" name="practiceTests.BinaryTreeCheckerTest" tests="1" failures="0" timestamp="13 Dec 2019 04:31:36 GMT" time="0.035" errors="0">
  <testcase name="isBinaryTree_Test1" time="0.035" classname="practiceTests.BinaryTreeCheckerTest"/>
</testsuite> <!-- practiceTests.BinaryTreeCheckerTest -->
