<?xml version="1.0" encoding="UTF-8"?>
<!-- Generated by org.testng.reporters.JUnitReportReporter -->
<testsuite hostname="MALOOTYPC" name="practiceTests.GraphColorTests" tests="2" failures="0" timestamp="17 Dec 2019 03:04:15 GMT" time="0.059" errors="0">
  <testcase name="colorGraphNode_Test1" time="0.056" classname="practiceTests.GraphColorTests"/>
  <testcase name="colorGraphNode_Test2" time="0.003" classname="practiceTests.GraphColorTests"/>
</testsuite> <!-- practiceTests.GraphColorTests -->
