<?xml version="1.0" encoding="UTF-8"?>
<!-- Generated by org.testng.reporters.JUnitReportReporter -->
<testsuite hostname="MALOOTYPC" name="practiceTests.MergeMeetingsTest" tests="3" failures="0" timestamp="16 Nov 2019 00:49:08 GMT" time="0.047" errors="0">
  <testcase name="mergeMeetingRangeTest_2" time="0.004" classname="practiceTests.MergeMeetingsTest"/>
  <testcase name="mergeMeetingRangeTest_1" time="0.024" classname="practiceTests.MergeMeetingsTest"/>
  <testcase name="mergeMeetingRangeNegativeTest_1" time="0.019" classname="practiceTests.MergeMeetingsTest"/>
</testsuite> <!-- practiceTests.MergeMeetingsTest -->
