<?xml version="1.0" encoding="UTF-8"?>
<!-- Generated by org.testng.reporters.JUnitReportReporter -->
<testsuite hostname="MALOOTYPC" name="practiceTests.MergeMeetingsTest" tests="3" failures="0" timestamp="15 Nov 2019 23:20:07 GMT" time="0.059" errors="0">
  <testcase name="mergeMeetingRangeTest_2" time="0.006" classname="practiceTests.MergeMeetingsTest"/>
  <testcase name="mergeMeetingRangeNegativeTest_1" time="0.023" classname="practiceTests.MergeMeetingsTest"/>
  <testcase name="mergeMeetingRangeTest_1" time="0.030" classname="practiceTests.MergeMeetingsTest"/>
</testsuite> <!-- practiceTests.MergeMeetingsTest -->
