<?xml version="1.0" encoding="UTF-8"?>
<!-- Generated by org.testng.reporters.JUnitReportReporter -->
<testsuite hostname="MALOOTYPC" name="sortTests.SortTester" tests="4" failures="0" timestamp="3 Oct 2019 01:57:12 GMT" time="0.022" errors="0">
  <testcase name="testInsertionSort" time="0.002" classname="sortTests.SortTester"/>
  <testcase name="testBubbleSort" time="0.018" classname="sortTests.SortTester"/>
  <testcase name="testQuickSort" time="0.001" classname="sortTests.SortTester"/>
  <testcase name="testMergeSort" time="0.001" classname="sortTests.SortTester"/>
</testsuite> <!-- sortTests.SortTester -->
