<?xml version="1.0" encoding="UTF-8"?>
<!-- Generated by org.testng.reporters.JUnitReportReporter -->
<testsuite hostname="MALOOTYPC" name="practiceTests.TestRunner" tests="2" failures="0" timestamp="31 Oct 2019 21:02:44 GMT" time="0.048" errors="0">
  <testcase name="wordCloudTest" time="0.003" classname="practiceTests.TestRunner"/>
  <testcase name="nGramTest" time="0.045" classname="practiceTests.TestRunner"/>
</testsuite> <!-- practiceTests.TestRunner -->
