<?xml version="1.0" encoding="UTF-8"?>
<!-- Generated by org.testng.reporters.JUnitReportReporter -->
<testsuite hostname="MALOOTYPC" name="practiceTests.TopScoreTests" tests="4" failures="0" timestamp="16 Nov 2019 00:49:08 GMT" time="0.004" errors="0">
  <testcase name="topScoreTests_2" time="0.001" classname="practiceTests.TopScoreTests"/>
  <testcase name="topScoreTests_3" time="0.001" classname="practiceTests.TopScoreTests"/>
  <testcase name="topScoreTests_1" time="0.002" classname="practiceTests.TopScoreTests"/>
  <testcase name="topScoreTests_4" time="0.000" classname="practiceTests.TopScoreTests"/>
</testsuite> <!-- practiceTests.TopScoreTests -->
