<?xml version="1.0" encoding="UTF-8"?>
<!-- Generated by org.testng.reporters.JUnitReportReporter -->
<testsuite hostname="MALOOTYPC" name="sortTests.SearchTester" tests="2" failures="0" timestamp="3 Oct 2019 01:57:12 GMT" time="0.005" errors="0">
  <testcase name="binarySearchTester" time="0.001" classname="sortTests.SearchTester"/>
  <testcase name="btSearchTester" time="0.004" classname="sortTests.SearchTester"/>
</testsuite> <!-- sortTests.SearchTester -->
