<?xml version="1.0" encoding="UTF-8"?>
<!-- Generated by org.testng.reporters.JUnitReportReporter -->
<testsuite hostname="MALOOTYPC" name="practiceTests.ProductIntTests" tests="1" failures="0" timestamp="12 Nov 2019 21:54:44 GMT" time="0.020" errors="0">
  <testcase name="productIntTest_1" time="0.020" classname="practiceTests.ProductIntTests"/>
</testsuite> <!-- practiceTests.ProductIntTests -->
