<?xml version="1.0" encoding="UTF-8"?>
<!-- Generated by org.testng.reporters.JUnitReportReporter -->
<testsuite hostname="MALOOTYPC" name="practiceTests.TestRunner" tests="5" failures="0" timestamp="11 Nov 2019 23:48:53 GMT" time="0.057" errors="0">
  <testcase name="permutationPalindromePositive_Test1" time="0.002" classname="practiceTests.TestRunner"/>
  <testcase name="permutationPalindromePositive_Test2" time="0.000" classname="practiceTests.TestRunner"/>
  <testcase name="permutationPalindromeNegative_Test1" time="0.005" classname="practiceTests.TestRunner"/>
  <testcase name="appleStockPriceTest_1" time="0.024" classname="practiceTests.TestRunner"/>
  <testcase name="appleStockPriceTest_2" time="0.026" classname="practiceTests.TestRunner"/>
</testsuite> <!-- practiceTests.TestRunner -->
